

Microchip Technology PIC LITE Macro Assembler V1.34 build -361300703 
                                                                                               Sat Apr 27 13:40:18 2024

Microchip Technology Omniscient Code Generator (Lite mode) build 201502162209
     1                           	processor	16F1829
     2                           	opt	pw 120
     3                           	opt	lm
     4                           	psect	idataBANK0,global,class=CODE,delta=2
     5                           	psect	nvBANK0,global,class=BANK0,space=1,delta=1
     6                           	psect	cinit,global,class=CODE,merge=1,delta=2
     7                           	psect	bssCOMMON,global,class=COMMON,space=1,delta=1
     8                           	psect	bssBANK0,global,class=BANK0,space=1,delta=1
     9                           	psect	dataBANK0,global,class=BANK0,space=1,delta=1
    10                           	psect	inittext,global,class=CODE,delta=2
    11                           	psect	cstackCOMMON,global,class=COMMON,space=1,delta=1
    12                           	psect	maintext,global,class=CODE,merge=1,split=1,delta=2
    13                           	psect	text1,local,class=CODE,merge=1,delta=2
    14                           	psect	text2,local,class=CODE,merge=1,delta=2
    15                           	psect	text3,local,class=CODE,merge=1,delta=2
    16                           	psect	text4,local,class=CODE,merge=1,delta=2
    17                           	dabs	1,0x7E,2
    18  0000                     	;# 
    19  0001                     	;# 
    20  0002                     	;# 
    21  0003                     	;# 
    22  0004                     	;# 
    23  0005                     	;# 
    24  0006                     	;# 
    25  0007                     	;# 
    26  0008                     	;# 
    27  0009                     	;# 
    28  000A                     	;# 
    29  000B                     	;# 
    30  000C                     	;# 
    31  000D                     	;# 
    32  000E                     	;# 
    33  0011                     	;# 
    34  0012                     	;# 
    35  0013                     	;# 
    36  0014                     	;# 
    37  0015                     	;# 
    38  0016                     	;# 
    39  0016                     	;# 
    40  0017                     	;# 
    41  0018                     	;# 
    42  0019                     	;# 
    43  001A                     	;# 
    44  001B                     	;# 
    45  001C                     	;# 
    46  001E                     	;# 
    47  001F                     	;# 
    48  008C                     	;# 
    49  008D                     	;# 
    50  008E                     	;# 
    51  0091                     	;# 
    52  0092                     	;# 
    53  0093                     	;# 
    54  0094                     	;# 
    55  0095                     	;# 
    56  0096                     	;# 
    57  0097                     	;# 
    58  0098                     	;# 
    59  0099                     	;# 
    60  009A                     	;# 
    61  009B                     	;# 
    62  009B                     	;# 
    63  009C                     	;# 
    64  009D                     	;# 
    65  009E                     	;# 
    66  010C                     	;# 
    67  010D                     	;# 
    68  010E                     	;# 
    69  0111                     	;# 
    70  0112                     	;# 
    71  0113                     	;# 
    72  0114                     	;# 
    73  0115                     	;# 
    74  0116                     	;# 
    75  0117                     	;# 
    76  0118                     	;# 
    77  0119                     	;# 
    78  011A                     	;# 
    79  011B                     	;# 
    80  011D                     	;# 
    81  011E                     	;# 
    82  018C                     	;# 
    83  018D                     	;# 
    84  018E                     	;# 
    85  0191                     	;# 
    86  0191                     	;# 
    87  0192                     	;# 
    88  0193                     	;# 
    89  0193                     	;# 
    90  0193                     	;# 
    91  0194                     	;# 
    92  0195                     	;# 
    93  0196                     	;# 
    94  0199                     	;# 
    95  019A                     	;# 
    96  019B                     	;# 
    97  019B                     	;# 
    98  019C                     	;# 
    99  019D                     	;# 
   100  019E                     	;# 
   101  019F                     	;# 
   102  020C                     	;# 
   103  020D                     	;# 
   104  020E                     	;# 
   105  0211                     	;# 
   106  0211                     	;# 
   107  0212                     	;# 
   108  0212                     	;# 
   109  0213                     	;# 
   110  0213                     	;# 
   111  0214                     	;# 
   112  0214                     	;# 
   113  0215                     	;# 
   114  0215                     	;# 
   115  0215                     	;# 
   116  0216                     	;# 
   117  0216                     	;# 
   118  0217                     	;# 
   119  0217                     	;# 
   120  0219                     	;# 
   121  021A                     	;# 
   122  021B                     	;# 
   123  021C                     	;# 
   124  021D                     	;# 
   125  021E                     	;# 
   126  021F                     	;# 
   127  0291                     	;# 
   128  0291                     	;# 
   129  0292                     	;# 
   130  0293                     	;# 
   131  0294                     	;# 
   132  0295                     	;# 
   133  0295                     	;# 
   134  0296                     	;# 
   135  0298                     	;# 
   136  0298                     	;# 
   137  0299                     	;# 
   138  029A                     	;# 
   139  029B                     	;# 
   140  029C                     	;# 
   141  029D                     	;# 
   142  029E                     	;# 
   143  0311                     	;# 
   144  0311                     	;# 
   145  0312                     	;# 
   146  0313                     	;# 
   147  0318                     	;# 
   148  0318                     	;# 
   149  0319                     	;# 
   150  031A                     	;# 
   151  038C                     	;# 
   152  038D                     	;# 
   153  038E                     	;# 
   154  0391                     	;# 
   155  0392                     	;# 
   156  0393                     	;# 
   157  0394                     	;# 
   158  0395                     	;# 
   159  0396                     	;# 
   160  039A                     	;# 
   161  039C                     	;# 
   162  039D                     	;# 
   163  039E                     	;# 
   164  039F                     	;# 
   165  0415                     	;# 
   166  0416                     	;# 
   167  0417                     	;# 
   168  041C                     	;# 
   169  041D                     	;# 
   170  041E                     	;# 
   171  0FE4                     	;# 
   172  0FE5                     	;# 
   173  0FE6                     	;# 
   174  0FE7                     	;# 
   175  0FE8                     	;# 
   176  0FE9                     	;# 
   177  0FEA                     	;# 
   178  0FEB                     	;# 
   179  0FED                     	;# 
   180  0FEE                     	;# 
   181  0FEF                     	;# 
   182                           
   183                           	psect	idataBANK0
   184  068E                     __pidataBANK0:	
   185                           
   186                           ;initializer for _Digit
   187  068E  3403               	retlw	3
   188  068F  349F               	retlw	159
   189  0690  3425               	retlw	37
   190  0691  340D               	retlw	13
   191  0692  3499               	retlw	153
   192  0693  3449               	retlw	73
   193  0694  3441               	retlw	65
   194  0695  341F               	retlw	31
   195  0696  3401               	retlw	1
   196  0697  3409               	retlw	9
   197                           
   198                           	psect	nvBANK0
   199  002D                     __pnvBANK0:	
   200  002D                     _number:	
   201  002D                     	ds	2
   202  000E                     _PORTC	set	14
   203  008E                     _TRISC	set	142
   204  010E                     _LATCbits	set	270
   205  0875                     _LATC5	set	2165
   206  0876                     _LATC6	set	2166
   207  0877                     _LATC7	set	2167
   208                           
   209                           ; #config settings
   210  0000                     
   211                           	psect	cinit
   212  07EE                     start_initialization:	
   213  07EE                     __initialization:	
   214                           
   215                           ; Clear objects allocated to COMMON
   216  07EE  01FD               	clrf	__pbssCOMMON& (0+127)
   217                           
   218                           ; Clear objects allocated to BANK0
   219  07EF  01AA               	clrf	__pbssBANK0& (0+127)
   220  07F0  01AB               	clrf	(__pbssBANK0+1)& (0+127)
   221  07F1  01AC               	clrf	(__pbssBANK0+2)& (0+127)
   222                           
   223                           ; Initialize objects allocated to BANK0
   224  07F2  308E               	movlw	low __pidataBANK0
   225  07F3  0084               	movwf	4
   226  07F4  3086               	movlw	(high __pidataBANK0)| (0+128)
   227  07F5  0085               	movwf	5
   228  07F6  3020               	movlw	low __pdataBANK0
   229  07F7  0086               	movwf	6
   230  07F8  3000               	movlw	high __pdataBANK0
   231  07F9  0087               	movwf	7
   232  07FA  300A               	movlw	10
   233  07FB  3186  2688         	fcall	init_ram
   234  07FD                     end_of_initialization:	
   235                           ;End of C runtime variable initialization code
   236                           
   237  07FD                     __end_of__initialization:	
   238  07FD  0020               	movlb	0
   239  07FE  3186  2E98         	ljmp	_main	;jump to C main() function
   240                           
   241                           	psect	bssCOMMON
   242  007D                     __pbssCOMMON:	
   243  007D                     _d1:	
   244  007D                     	ds	1
   245                           
   246                           	psect	bssBANK0
   247  002A                     __pbssBANK0:	
   248  002A                     _d2:	
   249  002A                     	ds	1
   250  002B                     _d3:	
   251  002B                     	ds	1
   252  002C                     _d4:	
   253  002C                     	ds	1
   254                           
   255                           	psect	dataBANK0
   256  0020                     __pdataBANK0:	
   257  0020                     _Digit:	
   258  0020                     	ds	10
   259                           
   260                           	psect	inittext
   261  0688                     init_ram:	
   262  0688  00FE               	movwf	126
   263  0689                     initloop:	
   264  0689  0012               	moviw fsr0++
   265  068A  001E               	movwi fsr1++
   266  068B  0BFE               	decfsz	126,f
   267  068C  2E89               	goto	initloop
   268  068D  3400               	retlw	0
   269                           
   270                           	psect	cstackCOMMON
   271  0070                     __pcstackCOMMON:	
   272  0070                     ?_writeDigit:	
   273  0070                     ??_writeDigit:	
   274                           ; 0 bytes @ 0x0
   275                           
   276  0070                     ?_main:	
   277                           ; 0 bytes @ 0x0
   278                           
   279  0070                     ?___lwdiv:	
   280                           ; 0 bytes @ 0x0
   281                           
   282  0070                     ?___lwmod:	
   283                           ; 2 bytes @ 0x0
   284                           
   285  0070                     ___lwdiv@divisor:	
   286                           ; 2 bytes @ 0x0
   287                           
   288  0070                     ___lwmod@divisor:	
   289                           ; 2 bytes @ 0x0
   290                           
   291                           
   292                           ; 2 bytes @ 0x0
   293  0070                     	ds	1
   294  0071                     writeDigit@digit:	
   295                           
   296                           ; 1 bytes @ 0x1
   297  0071                     	ds	1
   298  0072                     writeDigit@i:	
   299  0072                     ___lwdiv@dividend:	
   300                           ; 1 bytes @ 0x2
   301                           
   302  0072                     ___lwmod@dividend:	
   303                           ; 2 bytes @ 0x2
   304                           
   305                           
   306                           ; 2 bytes @ 0x2
   307  0072                     	ds	2
   308  0074                     ??___lwdiv:	
   309  0074                     ??___lwmod:	
   310                           ; 0 bytes @ 0x4
   311                           
   312                           
   313                           ; 0 bytes @ 0x4
   314  0074                     	ds	1
   315  0075                     ___lwmod@counter:	
   316  0075                     ___lwdiv@quotient:	
   317                           ; 1 bytes @ 0x5
   318                           
   319                           
   320                           ; 2 bytes @ 0x5
   321  0075                     	ds	2
   322  0077                     ___lwdiv@counter:	
   323                           
   324                           ; 1 bytes @ 0x7
   325  0077                     	ds	1
   326  0078                     ?_displayNumber:	
   327  0078                     displayNumber@number1:	
   328                           ; 0 bytes @ 0x8
   329                           
   330                           
   331                           ; 2 bytes @ 0x8
   332  0078                     	ds	2
   333  007A                     ??_displayNumber:	
   334                           
   335                           ; 0 bytes @ 0xA
   336  007A                     	ds	2
   337  007C                     ??_main:	
   338                           
   339                           ; 0 bytes @ 0xC
   340  007C                     	ds	1
   341                           
   342                           	psect	maintext
   343  0698                     __pmaintext:	
   344 ;;
   345 ;;Main: autosize = 0, tempsize = 1, incstack = 0, save=0
   346 ;;
   347 ;; *************** function _main *****************
   348 ;; Defined at:
   349 ;;		line 83 in file "display.c"
   350 ;; Parameters:    Size  Location     Type
   351 ;;		None
   352 ;; Auto vars:     Size  Location     Type
   353 ;;		None
   354 ;; Return value:  Size  Location     Type
   355 ;;		None               void
   356 ;; Registers used:
   357 ;;		wreg, fsr1l, fsr1h, status,2, status,0, pclath, cstack
   358 ;; Tracked objects:
   359 ;;		On entry : B1F/0
   360 ;;		On exit  : 0/0
   361 ;;		Unchanged: 0/0
   362 ;; Data sizes:     COMMON   BANK0   BANK1   BANK2   BANK3   BANK4   BANK5   BANK6   BANK7   BANK8   BANK9  BANK10  BANK1
      +1  BANK12
   363 ;;      Params:         0       0       0       0       0       0       0       0       0       0       0       0       
      +0       0
   364 ;;      Locals:         0       0       0       0       0       0       0       0       0       0       0       0       
      +0       0
   365 ;;      Temps:          1       0       0       0       0       0       0       0       0       0       0       0       
      +0       0
   366 ;;      Totals:         1       0       0       0       0       0       0       0       0       0       0       0       
      +0       0
   367 ;;Total ram usage:        1 bytes
   368 ;; Hardware stack levels required when called:    2
   369 ;; This function calls:
   370 ;;		_displayNumber
   371 ;; This function is called by:
   372 ;;		Startup code after reset
   373 ;; This function uses a non-reentrant model
   374 ;;
   375                           
   376                           
   377                           ;psect for function _main
   378  0698                     _main:	
   379                           
   380                           ;display.c: 85: TRISC = 0x00;
   381                           
   382                           ;incstack = 0
   383                           ; Regs used in _main: [wreg+fsr1l+fsr1h+status,2+status,0+pclath+cstack]
   384  0698  0021               	movlb	1	; select bank1
   385  0699  018E               	clrf	14	;volatile
   386                           
   387                           ;display.c: 86: PORTC=0x00;
   388  069A  0020               	movlb	0	; select bank0
   389  069B  018E               	clrf	14	;volatile
   390  069C                     l37:	
   391                           ;display.c: 89: while (1)
   392                           
   393                           
   394                           ;display.c: 90: {
   395                           ;display.c: 93: for (number = 0; number < 10000; number++)
   396  069C  01AD               	clrf	_number
   397  069D  01AE               	clrf	_number+1
   398  069E                     L1:	
   399  069E  3027               	movlw	39
   400  069F  022E               	subwf	_number+1,w
   401  06A0  3010               	movlw	16
   402  06A1  1903               	skipnz
   403  06A2  022D               	subwf	_number,w
   404  06A3  1803               	btfsc	3,0
   405  06A4  2E9C               	goto	l37
   406                           
   407                           ;display.c: 94: {
   408                           ;display.c: 95: displayNumber(number);
   409  06A5  082E               	movf	_number+1,w
   410  06A6  00F9               	movwf	displayNumber@number1+1
   411  06A7  082D               	movf	_number,w
   412  06A8  00F8               	movwf	displayNumber@number1
   413  06A9  3187  2741  3186   	fcall	_displayNumber
   414                           
   415                           ;display.c: 96: _delay((unsigned long)((1)*(4000000/4000.0)));
   416  06AC  30F9               	movlw	249
   417  06AD  00FC               	movwf	??_main
   418  06AE                     u417:	
   419  06AE  0000               	nop
   420  06AF  0BFC               	decfsz	??_main,f
   421  06B0  2EAE               	goto	u417
   422  06B1  3200               	nop2	;nop
   423  06B2  0000               	nop
   424  06B3  3001               	movlw	1
   425  06B4  0020               	movlb	0	; select bank0
   426  06B5  07AD               	addwf	_number,f
   427  06B6  3000               	movlw	0
   428  06B7  3DAE               	addwfc	_number+1,f
   429  06B8  2E9E               	goto	L1
   430  06B9                     __end_of_main:	
   431                           
   432                           	psect	text1
   433  0741                     __ptext1:	
   434 ;; *************** function _displayNumber *****************
   435 ;; Defined at:
   436 ;;		line 43 in file "display.c"
   437 ;; Parameters:    Size  Location     Type
   438 ;;  number1         2    8[COMMON] unsigned int 
   439 ;; Auto vars:     Size  Location     Type
   440 ;;		None
   441 ;; Return value:  Size  Location     Type
   442 ;;		None               void
   443 ;; Registers used:
   444 ;;		wreg, fsr1l, fsr1h, status,2, status,0, pclath, cstack
   445 ;; Tracked objects:
   446 ;;		On entry : 0/0
   447 ;;		On exit  : 0/0
   448 ;;		Unchanged: 0/0
   449 ;; Data sizes:     COMMON   BANK0   BANK1   BANK2   BANK3   BANK4   BANK5   BANK6   BANK7   BANK8   BANK9  BANK10  BANK1
      +1  BANK12
   450 ;;      Params:         2       0       0       0       0       0       0       0       0       0       0       0       
      +0       0
   451 ;;      Locals:         0       0       0       0       0       0       0       0       0       0       0       0       
      +0       0
   452 ;;      Temps:          2       0       0       0       0       0       0       0       0       0       0       0       
      +0       0
   453 ;;      Totals:         4       0       0       0       0       0       0       0       0       0       0       0       
      +0       0
   454 ;;Total ram usage:        4 bytes
   455 ;; Hardware stack levels used:    1
   456 ;; Hardware stack levels required when called:    1
   457 ;; This function calls:
   458 ;;		___lwdiv
   459 ;;		___lwmod
   460 ;;		_writeDigit
   461 ;; This function is called by:
   462 ;;		_main
   463 ;; This function uses a non-reentrant model
   464 ;;
   465                           
   466                           
   467                           ;psect for function _displayNumber
   468  0741                     _displayNumber:	
   469                           
   470                           ;display.c: 45: d1 = number1 / 1000;
   471                           
   472                           ;incstack = 0
   473                           ; Regs used in _displayNumber: [wreg+fsr1l+fsr1h+status,2+status,0+pclath+cstack]
   474  0741  30E8               	movlw	232
   475  0742  00F0               	movwf	___lwdiv@divisor
   476  0743  3003               	movlw	3
   477  0744  00F1               	movwf	___lwdiv@divisor+1
   478  0745  0879               	movf	displayNumber@number1+1,w
   479  0746  00F3               	movwf	___lwdiv@dividend+1
   480  0747  0878               	movf	displayNumber@number1,w
   481  0748  00F2               	movwf	___lwdiv@dividend
   482  0749  3187  270D  3187   	fcall	___lwdiv
   483  074C  0870               	movf	?___lwdiv,w
   484  074D  00FA               	movwf	??_displayNumber
   485  074E  087A               	movf	??_displayNumber,w
   486  074F  00FD               	movwf	_d1
   487                           
   488                           ;display.c: 46: number1 %= 1000;
   489  0750  30E8               	movlw	232
   490  0751  00F0               	movwf	___lwmod@divisor
   491  0752  3003               	movlw	3
   492  0753  00F1               	movwf	___lwmod@divisor+1
   493  0754  0879               	movf	displayNumber@number1+1,w
   494  0755  00F3               	movwf	___lwmod@dividend+1
   495  0756  0878               	movf	displayNumber@number1,w
   496  0757  00F2               	movwf	___lwmod@dividend
   497  0758  3186  26E1  3187   	fcall	___lwmod
   498  075B  0871               	movf	?___lwmod+1,w
   499  075C  00F9               	movwf	displayNumber@number1+1
   500  075D  0870               	movf	?___lwmod,w
   501  075E  00F8               	movwf	displayNumber@number1
   502                           
   503                           ;display.c: 47: d2 = number1 / 100;
   504  075F  3064               	movlw	100
   505  0760  00F0               	movwf	___lwdiv@divisor
   506  0761  3000               	movlw	0
   507  0762  00F1               	movwf	___lwdiv@divisor+1
   508  0763  0879               	movf	displayNumber@number1+1,w
   509  0764  00F3               	movwf	___lwdiv@dividend+1
   510  0765  0878               	movf	displayNumber@number1,w
   511  0766  00F2               	movwf	___lwdiv@dividend
   512  0767  3187  270D  3187   	fcall	___lwdiv
   513  076A  0870               	movf	?___lwdiv,w
   514  076B  00FA               	movwf	??_displayNumber
   515  076C  087A               	movf	??_displayNumber,w
   516  076D  0020               	movlb	0	; select bank0
   517  076E  00AA               	movwf	_d2
   518                           
   519                           ;display.c: 48: number1 %= 100;
   520  076F  3064               	movlw	100
   521  0770  00F0               	movwf	___lwmod@divisor
   522  0771  3000               	movlw	0
   523  0772  00F1               	movwf	___lwmod@divisor+1
   524  0773  0879               	movf	displayNumber@number1+1,w
   525  0774  00F3               	movwf	___lwmod@dividend+1
   526  0775  0878               	movf	displayNumber@number1,w
   527  0776  00F2               	movwf	___lwmod@dividend
   528  0777  3186  26E1  3187   	fcall	___lwmod
   529  077A  0871               	movf	?___lwmod+1,w
   530  077B  00F9               	movwf	displayNumber@number1+1
   531  077C  0870               	movf	?___lwmod,w
   532  077D  00F8               	movwf	displayNumber@number1
   533                           
   534                           ;display.c: 49: d3 = number1 / 10;
   535  077E  300A               	movlw	10
   536  077F  00F0               	movwf	___lwdiv@divisor
   537  0780  3000               	movlw	0
   538  0781  00F1               	movwf	___lwdiv@divisor+1
   539  0782  0879               	movf	displayNumber@number1+1,w
   540  0783  00F3               	movwf	___lwdiv@dividend+1
   541  0784  0878               	movf	displayNumber@number1,w
   542  0785  00F2               	movwf	___lwdiv@dividend
   543  0786  3187  270D  3187   	fcall	___lwdiv
   544  0789  0870               	movf	?___lwdiv,w
   545  078A  00FA               	movwf	??_displayNumber
   546  078B  087A               	movf	??_displayNumber,w
   547  078C  0020               	movlb	0	; select bank0
   548  078D  00AB               	movwf	_d3
   549                           
   550                           ;display.c: 50: d4 = number1 % 10;
   551  078E  300A               	movlw	10
   552  078F  00F0               	movwf	___lwmod@divisor
   553  0790  3000               	movlw	0
   554  0791  00F1               	movwf	___lwmod@divisor+1
   555  0792  0879               	movf	displayNumber@number1+1,w
   556  0793  00F3               	movwf	___lwmod@dividend+1
   557  0794  0878               	movf	displayNumber@number1,w
   558  0795  00F2               	movwf	___lwmod@dividend
   559  0796  3186  26E1  3187   	fcall	___lwmod
   560  0799  0870               	movf	?___lwmod,w
   561  079A  00FA               	movwf	??_displayNumber
   562  079B  087A               	movf	??_displayNumber,w
   563  079C  0020               	movlb	0	; select bank0
   564  079D  00AC               	movwf	_d4
   565                           
   566                           ;display.c: 59: LATCbits.LATC3 = 1;
   567  079E  0022               	movlb	2	; select bank2
   568  079F  158E               	bsf	14,3	;volatile
   569                           
   570                           ;display.c: 60: LATCbits.LATC4 = 1;
   571  07A0  160E               	bsf	14,4	;volatile
   572                           
   573                           ;display.c: 61: writeDigit(Digit[d1]);
   574  07A1  087D               	movf	_d1,w
   575  07A2  3E20               	addlw	(low (_Digit| 0))& (0+255)
   576  07A3  0086               	movwf	6
   577  07A4  0187               	clrf	7
   578  07A5  0801               	movf	1,w
   579  07A6  3186  26B9  3187   	fcall	_writeDigit
   580                           
   581                           ;display.c: 62: _delay((unsigned long)((5)*(4000000/4000.0)));
   582  07A9  3007               	movlw	7
   583  07AA  00FB               	movwf	??_displayNumber+1
   584  07AB  307D               	movlw	125
   585  07AC  00FA               	movwf	??_displayNumber
   586  07AD                     u427:	
   587  07AD  0BFA               	decfsz	??_displayNumber,f
   588  07AE  2FAD               	goto	u427
   589  07AF  0BFB               	decfsz	??_displayNumber+1,f
   590  07B0  2FAD               	goto	u427
   591                           
   592                           ;display.c: 65: LATCbits.LATC3 = 0;
   593  07B1  0022               	movlb	2	; select bank2
   594  07B2  118E               	bcf	14,3	;volatile
   595                           
   596                           ;display.c: 66: LATCbits.LATC4 = 1;
   597  07B3  160E               	bsf	14,4	;volatile
   598                           
   599                           ;display.c: 67: writeDigit(Digit[d2]);
   600  07B4  0020               	movlb	0	; select bank0
   601  07B5  082A               	movf	_d2,w
   602  07B6  3E20               	addlw	(low (_Digit| 0))& (0+255)
   603  07B7  0086               	movwf	6
   604  07B8  0187               	clrf	7
   605  07B9  0801               	movf	1,w
   606  07BA  3186  26B9  3187   	fcall	_writeDigit
   607                           
   608                           ;display.c: 68: _delay((unsigned long)((5)*(4000000/4000.0)));
   609  07BD  3007               	movlw	7
   610  07BE  00FB               	movwf	??_displayNumber+1
   611  07BF  307D               	movlw	125
   612  07C0  00FA               	movwf	??_displayNumber
   613  07C1                     u437:	
   614  07C1  0BFA               	decfsz	??_displayNumber,f
   615  07C2  2FC1               	goto	u437
   616  07C3  0BFB               	decfsz	??_displayNumber+1,f
   617  07C4  2FC1               	goto	u437
   618                           
   619                           ;display.c: 71: LATCbits.LATC3 = 1;
   620  07C5  0022               	movlb	2	; select bank2
   621  07C6  158E               	bsf	14,3	;volatile
   622                           
   623                           ;display.c: 72: LATCbits.LATC4 = 0;
   624  07C7  120E               	bcf	14,4	;volatile
   625                           
   626                           ;display.c: 73: writeDigit(Digit[d3]);
   627  07C8  0020               	movlb	0	; select bank0
   628  07C9  082B               	movf	_d3,w
   629  07CA  3E20               	addlw	(low (_Digit| 0))& (0+255)
   630  07CB  0086               	movwf	6
   631  07CC  0187               	clrf	7
   632  07CD  0801               	movf	1,w
   633  07CE  3186  26B9  3187   	fcall	_writeDigit
   634                           
   635                           ;display.c: 74: _delay((unsigned long)((5)*(4000000/4000.0)));
   636  07D1  3007               	movlw	7
   637  07D2  00FB               	movwf	??_displayNumber+1
   638  07D3  307D               	movlw	125
   639  07D4  00FA               	movwf	??_displayNumber
   640  07D5                     u447:	
   641  07D5  0BFA               	decfsz	??_displayNumber,f
   642  07D6  2FD5               	goto	u447
   643  07D7  0BFB               	decfsz	??_displayNumber+1,f
   644  07D8  2FD5               	goto	u447
   645                           
   646                           ;display.c: 77: LATCbits.LATC3 = 0;
   647  07D9  0022               	movlb	2	; select bank2
   648  07DA  118E               	bcf	14,3	;volatile
   649                           
   650                           ;display.c: 78: LATCbits.LATC4 = 0;
   651  07DB  120E               	bcf	14,4	;volatile
   652                           
   653                           ;display.c: 79: writeDigit(Digit[d4]);
   654  07DC  0020               	movlb	0	; select bank0
   655  07DD  082C               	movf	_d4,w
   656  07DE  3E20               	addlw	(low (_Digit| 0))& (0+255)
   657  07DF  0086               	movwf	6
   658  07E0  0187               	clrf	7
   659  07E1  0801               	movf	1,w
   660  07E2  3186  26B9  3187   	fcall	_writeDigit
   661                           
   662                           ;display.c: 80: _delay((unsigned long)((5)*(4000000/4000.0)));
   663  07E5  3007               	movlw	7
   664  07E6  00FB               	movwf	??_displayNumber+1
   665  07E7  307D               	movlw	125
   666  07E8  00FA               	movwf	??_displayNumber
   667  07E9                     u457:	
   668  07E9  0BFA               	decfsz	??_displayNumber,f
   669  07EA  2FE9               	goto	u457
   670  07EB  0BFB               	decfsz	??_displayNumber+1,f
   671  07EC  2FE9               	goto	u457
   672  07ED  0008               	return
   673  07EE                     __end_of_displayNumber:	
   674                           
   675                           	psect	text2
   676  06B9                     __ptext2:	
   677 ;; *************** function _writeDigit *****************
   678 ;; Defined at:
   679 ;;		line 26 in file "display.c"
   680 ;; Parameters:    Size  Location     Type
   681 ;;  digit           1    wreg     unsigned char 
   682 ;; Auto vars:     Size  Location     Type
   683 ;;  digit           1    1[COMMON] unsigned char 
   684 ;;  i               1    2[COMMON] unsigned char 
   685 ;; Return value:  Size  Location     Type
   686 ;;		None               void
   687 ;; Registers used:
   688 ;;		wreg, status,2, status,0
   689 ;; Tracked objects:
   690 ;;		On entry : 0/0
   691 ;;		On exit  : 0/0
   692 ;;		Unchanged: 0/0
   693 ;; Data sizes:     COMMON   BANK0   BANK1   BANK2   BANK3   BANK4   BANK5   BANK6   BANK7   BANK8   BANK9  BANK10  BANK1
      +1  BANK12
   694 ;;      Params:         0       0       0       0       0       0       0       0       0       0       0       0       
      +0       0
   695 ;;      Locals:         2       0       0       0       0       0       0       0       0       0       0       0       
      +0       0
   696 ;;      Temps:          1       0       0       0       0       0       0       0       0       0       0       0       
      +0       0
   697 ;;      Totals:         3       0       0       0       0       0       0       0       0       0       0       0       
      +0       0
   698 ;;Total ram usage:        3 bytes
   699 ;; Hardware stack levels used:    1
   700 ;; This function calls:
   701 ;;		Nothing
   702 ;; This function is called by:
   703 ;;		_displayNumber
   704 ;; This function uses a non-reentrant model
   705 ;;
   706                           
   707                           
   708                           ;psect for function _writeDigit
   709  06B9                     _writeDigit:	
   710                           
   711                           ;incstack = 0
   712                           ; Regs used in _writeDigit: [wreg+status,2+status,0]
   713                           ;writeDigit@digit stored from wreg
   714  06B9  00F1               	movwf	writeDigit@digit
   715                           
   716                           ;display.c: 27: unsigned char i;
   717                           ;display.c: 28: LATC7 = 0;
   718  06BA  0022               	movlb	2	; select bank2
   719  06BB  138E               	bcf	14,7	;volatile
   720                           
   721                           ;display.c: 29: LATC5 = 0;
   722  06BC  128E               	bcf	14,5	;volatile
   723                           
   724                           ;display.c: 30: LATC7 = 0;
   725  06BD  138E               	bcf	14,7	;volatile
   726                           
   727                           ;display.c: 31: LATC5 = 0;
   728  06BE  128E               	bcf	14,5	;volatile
   729                           
   730                           ;display.c: 32: for (i = 0; i < 8; i++) {
   731  06BF  01F2               	clrf	writeDigit@i
   732  06C0  3008               	movlw	8
   733  06C1  0272               	subwf	writeDigit@i,w
   734  06C2  1803               	btfsc	3,0
   735  06C3  2EDE               	goto	l30
   736  06C4                     l626:	
   737                           
   738                           ;display.c: 33: LATC6 = (digit >> i) & 0x01;
   739  06C4  0871               	movf	writeDigit@digit,w
   740  06C5  00F0               	movwf	??_writeDigit
   741  06C6  0A72               	incf	writeDigit@i,w
   742  06C7  2EC9               	goto	u224
   743  06C8                     u225:	
   744  06C8  36F0               	lsrf	??_writeDigit,f
   745  06C9                     u224:	
   746  06C9  0B89               	decfsz	9,f
   747  06CA  2EC8               	goto	u225
   748  06CB  1C70               	btfss	??_writeDigit,0
   749  06CC  2ED0               	goto	u230
   750  06CD  0022               	movlb	2	; select bank2
   751  06CE  170E               	bsf	14,6	;volatile
   752  06CF  2ED2               	goto	l628
   753  06D0                     u230:	
   754  06D0  0022               	movlb	2	; select bank2
   755  06D1  130E               	bcf	14,6	;volatile
   756  06D2                     l628:	
   757                           
   758                           ;display.c: 34: LATC7 = 1;
   759  06D2  178E               	bsf	14,7	;volatile
   760                           
   761                           ;display.c: 35: LATC7 = 1;
   762  06D3  178E               	bsf	14,7	;volatile
   763                           
   764                           ;display.c: 36: LATC7 = 0;
   765  06D4  138E               	bcf	14,7	;volatile
   766                           
   767                           ;display.c: 37: LATC7 = 0;
   768  06D5  138E               	bcf	14,7	;volatile
   769  06D6  3001               	movlw	1
   770  06D7  00F0               	movwf	??_writeDigit
   771  06D8  0870               	movf	??_writeDigit,w
   772  06D9  07F2               	addwf	writeDigit@i,f
   773  06DA  3008               	movlw	8
   774  06DB  0272               	subwf	writeDigit@i,w
   775  06DC  1C03               	skipc
   776  06DD  2EC4               	goto	l626
   777  06DE                     l30:	
   778                           
   779                           ;display.c: 38: }
   780                           ;display.c: 39: LATC5 = 1;
   781  06DE  168E               	bsf	14,5	;volatile
   782                           
   783                           ;display.c: 40: LATC5 = 1;
   784  06DF  168E               	bsf	14,5	;volatile
   785  06E0  0008               	return
   786  06E1                     __end_of_writeDigit:	
   787                           
   788                           	psect	text3
   789  06E1                     __ptext3:	
   790 ;; *************** function ___lwmod *****************
   791 ;; Defined at:
   792 ;;		line 6 in file "C:\Program Files\Microchip\xc8\v1.34\sources\common\lwmod.c"
   793 ;; Parameters:    Size  Location     Type
   794 ;;  divisor         2    0[COMMON] unsigned int 
   795 ;;  dividend        2    2[COMMON] unsigned int 
   796 ;; Auto vars:     Size  Location     Type
   797 ;;  counter         1    5[COMMON] unsigned char 
   798 ;; Return value:  Size  Location     Type
   799 ;;                  2    0[COMMON] unsigned int 
   800 ;; Registers used:
   801 ;;		wreg, status,2, status,0
   802 ;; Tracked objects:
   803 ;;		On entry : 0/0
   804 ;;		On exit  : 0/0
   805 ;;		Unchanged: 0/0
   806 ;; Data sizes:     COMMON   BANK0   BANK1   BANK2   BANK3   BANK4   BANK5   BANK6   BANK7   BANK8   BANK9  BANK10  BANK1
      +1  BANK12
   807 ;;      Params:         4       0       0       0       0       0       0       0       0       0       0       0       
      +0       0
   808 ;;      Locals:         1       0       0       0       0       0       0       0       0       0       0       0       
      +0       0
   809 ;;      Temps:          1       0       0       0       0       0       0       0       0       0       0       0       
      +0       0
   810 ;;      Totals:         6       0       0       0       0       0       0       0       0       0       0       0       
      +0       0
   811 ;;Total ram usage:        6 bytes
   812 ;; Hardware stack levels used:    1
   813 ;; This function calls:
   814 ;;		Nothing
   815 ;; This function is called by:
   816 ;;		_displayNumber
   817 ;; This function uses a non-reentrant model
   818 ;;
   819                           
   820                           
   821                           ;psect for function ___lwmod
   822  06E1                     ___lwmod:	
   823                           
   824                           ;incstack = 0
   825                           ; Regs used in ___lwmod: [wreg+status,2+status,0]
   826  06E1  0870               	movf	___lwmod@divisor,w
   827  06E2  0471               	iorwf	___lwmod@divisor+1,w
   828  06E3  1903               	btfsc	3,2
   829  06E4  2F08               	goto	l682
   830  06E5  01F5               	clrf	___lwmod@counter
   831  06E6  0AF5               	incf	___lwmod@counter,f
   832  06E7                     l672:	
   833  06E7  1BF1               	btfsc	___lwmod@divisor+1,7
   834  06E8  2EF3               	goto	l674
   835  06E9  3001               	movlw	1
   836  06EA                     u345:	
   837  06EA  35F0               	lslf	___lwmod@divisor,f
   838  06EB  0DF1               	rlf	___lwmod@divisor+1,f
   839  06EC  0B89               	decfsz	9,f
   840  06ED  2EEA               	goto	u345
   841  06EE  3001               	movlw	1
   842  06EF  00F4               	movwf	??___lwmod
   843  06F0  0874               	movf	??___lwmod,w
   844  06F1  07F5               	addwf	___lwmod@counter,f
   845  06F2  2EE7               	goto	l672
   846  06F3                     l674:	
   847  06F3  0871               	movf	___lwmod@divisor+1,w
   848  06F4  0273               	subwf	___lwmod@dividend+1,w
   849  06F5  1D03               	skipz
   850  06F6  2EF9               	goto	u365
   851  06F7  0870               	movf	___lwmod@divisor,w
   852  06F8  0272               	subwf	___lwmod@dividend,w
   853  06F9                     u365:	
   854  06F9  1C03               	skipc
   855  06FA  2EFF               	goto	l678
   856  06FB  0870               	movf	___lwmod@divisor,w
   857  06FC  02F2               	subwf	___lwmod@dividend,f
   858  06FD  0871               	movf	___lwmod@divisor+1,w
   859  06FE  3BF3               	subwfb	___lwmod@dividend+1,f
   860  06FF                     l678:	
   861  06FF  3001               	movlw	1
   862  0700                     u375:	
   863  0700  36F1               	lsrf	___lwmod@divisor+1,f
   864  0701  0CF0               	rrf	___lwmod@divisor,f
   865  0702  0B89               	decfsz	9,f
   866  0703  2F00               	goto	u375
   867  0704  3001               	movlw	1
   868  0705  02F5               	subwf	___lwmod@counter,f
   869  0706  1D03               	btfss	3,2
   870  0707  2EF3               	goto	l674
   871  0708                     l682:	
   872  0708  0873               	movf	___lwmod@dividend+1,w
   873  0709  00F1               	movwf	?___lwmod+1
   874  070A  0872               	movf	___lwmod@dividend,w
   875  070B  00F0               	movwf	?___lwmod
   876  070C  0008               	return
   877  070D                     __end_of___lwmod:	
   878                           
   879                           	psect	text4
   880  070D                     __ptext4:	
   881 ;; *************** function ___lwdiv *****************
   882 ;; Defined at:
   883 ;;		line 6 in file "C:\Program Files\Microchip\xc8\v1.34\sources\common\lwdiv.c"
   884 ;; Parameters:    Size  Location     Type
   885 ;;  divisor         2    0[COMMON] unsigned int 
   886 ;;  dividend        2    2[COMMON] unsigned int 
   887 ;; Auto vars:     Size  Location     Type
   888 ;;  quotient        2    5[COMMON] unsigned int 
   889 ;;  counter         1    7[COMMON] unsigned char 
   890 ;; Return value:  Size  Location     Type
   891 ;;                  2    0[COMMON] unsigned int 
   892 ;; Registers used:
   893 ;;		wreg, status,2, status,0
   894 ;; Tracked objects:
   895 ;;		On entry : 0/0
   896 ;;		On exit  : 0/0
   897 ;;		Unchanged: 0/0
   898 ;; Data sizes:     COMMON   BANK0   BANK1   BANK2   BANK3   BANK4   BANK5   BANK6   BANK7   BANK8   BANK9  BANK10  BANK1
      +1  BANK12
   899 ;;      Params:         4       0       0       0       0       0       0       0       0       0       0       0       
      +0       0
   900 ;;      Locals:         3       0       0       0       0       0       0       0       0       0       0       0       
      +0       0
   901 ;;      Temps:          1       0       0       0       0       0       0       0       0       0       0       0       
      +0       0
   902 ;;      Totals:         8       0       0       0       0       0       0       0       0       0       0       0       
      +0       0
   903 ;;Total ram usage:        8 bytes
   904 ;; Hardware stack levels used:    1
   905 ;; This function calls:
   906 ;;		Nothing
   907 ;; This function is called by:
   908 ;;		_displayNumber
   909 ;; This function uses a non-reentrant model
   910 ;;
   911                           
   912                           
   913                           ;psect for function ___lwdiv
   914  070D                     ___lwdiv:	
   915                           
   916                           ;incstack = 0
   917                           ; Regs used in ___lwdiv: [wreg+status,2+status,0]
   918  070D  01F5               	clrf	___lwdiv@quotient
   919  070E  01F6               	clrf	___lwdiv@quotient+1
   920  070F  0870               	movf	___lwdiv@divisor,w
   921  0710  0471               	iorwf	___lwdiv@divisor+1,w
   922  0711  1903               	btfsc	3,2
   923  0712  2F3C               	goto	l660
   924  0713  01F7               	clrf	___lwdiv@counter
   925  0714  0AF7               	incf	___lwdiv@counter,f
   926  0715                     l648:	
   927  0715  1BF1               	btfsc	___lwdiv@divisor+1,7
   928  0716  2F21               	goto	l650
   929  0717  3001               	movlw	1
   930  0718                     u275:	
   931  0718  35F0               	lslf	___lwdiv@divisor,f
   932  0719  0DF1               	rlf	___lwdiv@divisor+1,f
   933  071A  0B89               	decfsz	9,f
   934  071B  2F18               	goto	u275
   935  071C  3001               	movlw	1
   936  071D  00F4               	movwf	??___lwdiv
   937  071E  0874               	movf	??___lwdiv,w
   938  071F  07F7               	addwf	___lwdiv@counter,f
   939  0720  2F15               	goto	l648
   940  0721                     l650:	
   941  0721  3001               	movlw	1
   942  0722                     u295:	
   943  0722  35F5               	lslf	___lwdiv@quotient,f
   944  0723  0DF6               	rlf	___lwdiv@quotient+1,f
   945  0724  0B89               	decfsz	9,f
   946  0725  2F22               	goto	u295
   947  0726  0871               	movf	___lwdiv@divisor+1,w
   948  0727  0273               	subwf	___lwdiv@dividend+1,w
   949  0728  1D03               	skipz
   950  0729  2F2C               	goto	u305
   951  072A  0870               	movf	___lwdiv@divisor,w
   952  072B  0272               	subwf	___lwdiv@dividend,w
   953  072C                     u305:	
   954  072C  1C03               	skipc
   955  072D  2F33               	goto	l656
   956  072E  0870               	movf	___lwdiv@divisor,w
   957  072F  02F2               	subwf	___lwdiv@dividend,f
   958  0730  0871               	movf	___lwdiv@divisor+1,w
   959  0731  3BF3               	subwfb	___lwdiv@dividend+1,f
   960  0732  1475               	bsf	___lwdiv@quotient,0
   961  0733                     l656:	
   962  0733  3001               	movlw	1
   963  0734                     u315:	
   964  0734  36F1               	lsrf	___lwdiv@divisor+1,f
   965  0735  0CF0               	rrf	___lwdiv@divisor,f
   966  0736  0B89               	decfsz	9,f
   967  0737  2F34               	goto	u315
   968  0738  3001               	movlw	1
   969  0739  02F7               	subwf	___lwdiv@counter,f
   970  073A  1D03               	btfss	3,2
   971  073B  2F21               	goto	l650
   972  073C                     l660:	
   973  073C  0876               	movf	___lwdiv@quotient+1,w
   974  073D  00F1               	movwf	?___lwdiv+1
   975  073E  0875               	movf	___lwdiv@quotient,w
   976  073F  00F0               	movwf	?___lwdiv
   977  0740  0008               	return
   978  0741                     __end_of___lwdiv:	
   979  007E                     btemp	set	126	;btemp
   980  007E                     wtemp	set	126
   981  007E                     wtemp0	set	126
   982  0080                     wtemp1	set	128
   983  0082                     wtemp2	set	130
   984  0084                     wtemp3	set	132
   985  0086                     wtemp4	set	134
   986  0088                     wtemp5	set	136
   987  007F                     wtemp6	set	127
   988  007E                     ttemp	set	126
   989  007E                     ttemp0	set	126
   990  0081                     ttemp1	set	129
   991  0084                     ttemp2	set	132
   992  0087                     ttemp3	set	135
   993  007F                     ttemp4	set	127
   994  007E                     ltemp	set	126
   995  007E                     ltemp0	set	126
   996  0082                     ltemp1	set	130
   997  0086                     ltemp2	set	134
   998  0080                     ltemp3	set	128


Data Sizes:
    Strings     0
    Constant    0
    Data        10
    BSS         4
    Persistent  2
    Stack       0

Auto Spaces:
    Space          Size  Autos    Used
    COMMON           14     13      14
    BANK0            80      0      15
    BANK1            80      0       0
    BANK2            80      0       0
    BANK3            80      0       0
    BANK4            80      0       0
    BANK5            80      0       0
    BANK6            80      0       0
    BANK7            80      0       0
    BANK8            80      0       0
    BANK9            80      0       0
    BANK10           80      0       0
    BANK11           80      0       0
    BANK12           48      0       0

Pointer List with Targets:

    None.

Critical Paths under _main in COMMON

    _main->_displayNumber
    _displayNumber->___lwdiv

Critical Paths under _main in BANK0

    None.

Critical Paths under _main in BANK1

    None.

Critical Paths under _main in BANK2

    None.

Critical Paths under _main in BANK3

    None.

Critical Paths under _main in BANK4

    None.

Critical Paths under _main in BANK5

    None.

Critical Paths under _main in BANK6

    None.

Critical Paths under _main in BANK7

    None.

Critical Paths under _main in BANK8

    None.

Critical Paths under _main in BANK9

    None.

Critical Paths under _main in BANK10

    None.

Critical Paths under _main in BANK11

    None.

Critical Paths under _main in BANK12

    None.

Call Graph Tables:

 ---------------------------------------------------------------------------------
 (Depth) Function   	        Calls       Base Space   Used Autos Params    Refs
 ---------------------------------------------------------------------------------
 (0) _main                                                 1     1      0    1234
                                             12 COMMON     1     1      0
                      _displayNumber
 ---------------------------------------------------------------------------------
 (1) _displayNumber                                        4     2      2    1234
                                              8 COMMON     4     2      2
                            ___lwdiv
                            ___lwmod
                         _writeDigit
 ---------------------------------------------------------------------------------
 (2) _writeDigit                                           3     3      0      90
                                              0 COMMON     3     3      0
 ---------------------------------------------------------------------------------
 (2) ___lwmod                                              6     2      4     477
                                              0 COMMON     6     2      4
 ---------------------------------------------------------------------------------
 (2) ___lwdiv                                              8     4      4     480
                                              0 COMMON     8     4      4
 ---------------------------------------------------------------------------------
 Estimated maximum stack depth 2
 ---------------------------------------------------------------------------------

 Call Graph Graphs:

 _main (ROOT)
   _displayNumber
     ___lwdiv
     ___lwmod
     _writeDigit

 Address spaces:
Name               Size   Autos  Total    Cost      Usage
BIGRAM             3F0      0       0       0        0.0%
EEDATA             100      0       0       0        0.0%
NULL                 0      0       0       0        0.0%
CODE                 0      0       0       0        0.0%
BITCOMMON            E      0       0       1        0.0%
BITSFR0              0      0       0       1        0.0%
SFR0                 0      0       0       1        0.0%
COMMON               E      D       E       2      100.0%
BITSFR1              0      0       0       2        0.0%
SFR1                 0      0       0       2        0.0%
BITSFR2              0      0       0       3        0.0%
SFR2                 0      0       0       3        0.0%
STACK                0      0       0       3        0.0%
BITBANK0            50      0       0       4        0.0%
BITSFR3              0      0       0       4        0.0%
SFR3                 0      0       0       4        0.0%
BANK0               50      0       F       5       18.8%
BITSFR4              0      0       0       5        0.0%
SFR4                 0      0       0       5        0.0%
BITBANK1            50      0       0       6        0.0%
BITSFR5              0      0       0       6        0.0%
SFR5                 0      0       0       6        0.0%
BANK1               50      0       0       7        0.0%
BITSFR6              0      0       0       7        0.0%
SFR6                 0      0       0       7        0.0%
BITBANK2            50      0       0       8        0.0%
BITSFR7              0      0       0       8        0.0%
SFR7                 0      0       0       8        0.0%
BANK2               50      0       0       9        0.0%
BITSFR8              0      0       0       9        0.0%
SFR8                 0      0       0       9        0.0%
BITBANK3            50      0       0      10        0.0%
BITSFR9              0      0       0      10        0.0%
SFR9                 0      0       0      10        0.0%
BANK3               50      0       0      11        0.0%
BITSFR10             0      0       0      11        0.0%
SFR10                0      0       0      11        0.0%
BITBANK4            50      0       0      12        0.0%
BITSFR11             0      0       0      12        0.0%
SFR11                0      0       0      12        0.0%
BANK4               50      0       0      13        0.0%
BITSFR12             0      0       0      13        0.0%
SFR12                0      0       0      13        0.0%
BITBANK5            50      0       0      14        0.0%
BITSFR13             0      0       0      14        0.0%
SFR13                0      0       0      14        0.0%
BANK5               50      0       0      15        0.0%
BITSFR14             0      0       0      15        0.0%
SFR14                0      0       0      15        0.0%
BITBANK6            50      0       0      16        0.0%
BITSFR15             0      0       0      16        0.0%
SFR15                0      0       0      16        0.0%
BANK6               50      0       0      17        0.0%
BITSFR16             0      0       0      17        0.0%
SFR16                0      0       0      17        0.0%
BITBANK7            50      0       0      18        0.0%
BITSFR17             0      0       0      18        0.0%
SFR17                0      0       0      18        0.0%
BANK7               50      0       0      19        0.0%
BITSFR18             0      0       0      19        0.0%
SFR18                0      0       0      19        0.0%
BITSFR19             0      0       0      20        0.0%
SFR19                0      0       0      20        0.0%
ABS                  0      0      1D      20        0.0%
BITBANK8            50      0       0      21        0.0%
BITSFR20             0      0       0      21        0.0%
SFR20                0      0       0      21        0.0%
BANK8               50      0       0      22        0.0%
BITSFR21             0      0       0      22        0.0%
SFR21                0      0       0      22        0.0%
BITBANK9            50      0       0      23        0.0%
BITSFR22             0      0       0      23        0.0%
SFR22                0      0       0      23        0.0%
BANK9               50      0       0      24        0.0%
BITSFR23             0      0       0      24        0.0%
SFR23                0      0       0      24        0.0%
BITBANK10           50      0       0      25        0.0%
BITSFR24             0      0       0      25        0.0%
SFR24                0      0       0      25        0.0%
BANK10              50      0       0      26        0.0%
BITSFR25             0      0       0      26        0.0%
SFR25                0      0       0      26        0.0%
BITBANK11           50      0       0      27        0.0%
BITSFR26             0      0       0      27        0.0%
SFR26                0      0       0      27        0.0%
BANK11              50      0       0      28        0.0%
BITSFR27             0      0       0      28        0.0%
SFR27                0      0       0      28        0.0%
BITBANK12           30      0       0      29        0.0%
BITSFR28             0      0       0      29        0.0%
SFR28                0      0       0      29        0.0%
BANK12              30      0       0      30        0.0%
BITSFR29             0      0       0      30        0.0%
SFR29                0      0       0      30        0.0%
BITSFR30             0      0       0      31        0.0%
SFR30                0      0       0      31        0.0%
DATA                 0      0      1D      31        0.0%
BITSFR31             0      0       0      32        0.0%
SFR31                0      0       0      32        0.0%


Microchip Technology PIC Macro Assembler V1.34 build -361300703 
Symbol Table                                                                                   Sat Apr 27 13:40:18 2024

            __CFG_CP$OFF 0000                       l30 06DE                       l37 069C  
                     _d1 007D                       _d2 002A                       _d3 002B  
                     _d4 002C                      l650 0721                      l626 06C4  
                    l660 073C                      l628 06D2                      l656 0733  
                    l648 0715                      l672 06E7                      l674 06F3  
                    l682 0708                      l678 06FF                      u230 06D0  
                    u224 06C9                      u305 072C                      u225 06C8  
                    u315 0734                      u345 06EA                      u417 06AE  
                    u275 0718                      u427 07AD                      u365 06F9  
                    u437 07C1                      u295 0722                      u375 0700  
                    u447 07D5                      u457 07E9                      wreg 0009  
           __CFG_FOSC$HS 0000           ?_displayNumber 0078             __CFG_WRT$OFF 0000  
                   _main 0698                     fsr0h 0005                     fsr1h 0007  
                   fsr0l 0004                     indf1 0001                     fsr1l 0006  
                   btemp 007E            __CFG_BOREN$ON 0000                     ltemp 007E  
                   start 0002                     ttemp 007E                     wtemp 007E  
                  ?_main 0070            __CFG_WDTE$OFF 0000                    _LATC5 0875  
                  _LATC6 0876                    _LATC7 0877          __end_of___lwdiv 0741  
        __end_of___lwmod 070D                    _PORTC 000E                    _TRISC 008E  
                  _Digit 0020                    ltemp0 007E                    ltemp1 0082  
                  ltemp2 0086                    ltemp3 0080                    ttemp0 007E  
                  ttemp1 0081                    ttemp2 0084                    ttemp3 0087  
                  ttemp4 007F                    status 0003                    wtemp0 007E  
                  wtemp1 0080                    wtemp2 0082                    wtemp3 0084  
                  wtemp4 0086                    wtemp5 0088                    wtemp6 007F  
         __CFG_MCLRE$OFF 0000          __initialization 07EE             __end_of_main 06B9  
                 ??_main 007C          ??_displayNumber 007A           __CFG_PWRTE$OFF 0000  
              ??___lwdiv 0074                ??___lwmod 0074                   _number 002D  
__end_of__initialization 07FD           __pcstackCOMMON 0070             __pidataBANK0 068E  
   displayNumber@number1 0078               __pbssBANK0 002A               __pmaintext 0698  
                ___lwdiv 070D                  ___lwmod 06E1                  __ptext1 0741  
                __ptext2 06B9                  __ptext3 06E1                  __ptext4 070D  
   end_of_initialization 07FD                  init_ram 0688                  initloop 0689  
  __end_of_displayNumber 07EE               _writeDigit 06B9      start_initialization 07EE  
            __pdataBANK0 0020              __pbssCOMMON 007D                ___latbits 0002  
              __pnvBANK0 002D         ___lwdiv@dividend 0072              ?_writeDigit 0070  
               ?___lwdiv 0070                 ?___lwmod 0070         ___lwdiv@quotient 0075  
               _LATCbits 010E              writeDigit@i 0072          writeDigit@digit 0071  
    __size_of_writeDigit 0028         __size_of___lwdiv 0034         __size_of___lwmod 002C  
        ___lwdiv@divisor 0070          ___lwdiv@counter 0077            __size_of_main 0021  
 __size_of_displayNumber 00AD         ___lwmod@dividend 0072        __CFG_CLKOUTEN$OFF 0000  
           ??_writeDigit 0070          ___lwmod@divisor 0070          ___lwmod@counter 0075  
          _displayNumber 0741       __end_of_writeDigit 06E1  
