

Microchip Technology PIC LITE Macro Assembler V1.34 build -361300703 
                                                                                               Sat Apr 27 14:00:57 2024

Microchip Technology Omniscient Code Generator (Lite mode) build 201502162209
     1                           	processor	16F1829
     2                           	opt	pw 120
     3                           	opt	lm
     4                           	psect	idataBANK0,global,class=CODE,delta=2
     5                           	psect	nvBANK0,global,class=BANK0,space=1,delta=1
     6                           	psect	cinit,global,class=CODE,merge=1,delta=2
     7                           	psect	bssBANK0,global,class=BANK0,space=1,delta=1
     8                           	psect	dataBANK0,global,class=BANK0,space=1,delta=1
     9                           	psect	inittext,global,class=CODE,delta=2
    10                           	psect	cstackCOMMON,global,class=COMMON,space=1,delta=1
    11                           	psect	maintext,global,class=CODE,merge=1,split=1,delta=2
    12                           	psect	text1,local,class=CODE,merge=1,delta=2
    13                           	psect	text2,local,class=CODE,merge=1,delta=2
    14                           	psect	text3,local,class=CODE,merge=1,delta=2
    15                           	psect	text4,local,class=CODE,merge=1,delta=2
    16                           	psect	text5,local,class=CODE,merge=1,delta=2
    17                           	psect	text6,local,class=CODE,merge=1,delta=2
    18                           	psect	text7,local,class=CODE,merge=1,delta=2
    19                           	dabs	1,0x7E,2
    20  0000                     	;# 
    21  0001                     	;# 
    22  0002                     	;# 
    23  0003                     	;# 
    24  0004                     	;# 
    25  0005                     	;# 
    26  0006                     	;# 
    27  0007                     	;# 
    28  0008                     	;# 
    29  0009                     	;# 
    30  000A                     	;# 
    31  000B                     	;# 
    32  000C                     	;# 
    33  000D                     	;# 
    34  000E                     	;# 
    35  0011                     	;# 
    36  0012                     	;# 
    37  0013                     	;# 
    38  0014                     	;# 
    39  0015                     	;# 
    40  0016                     	;# 
    41  0016                     	;# 
    42  0017                     	;# 
    43  0018                     	;# 
    44  0019                     	;# 
    45  001A                     	;# 
    46  001B                     	;# 
    47  001C                     	;# 
    48  001E                     	;# 
    49  001F                     	;# 
    50  008C                     	;# 
    51  008D                     	;# 
    52  008E                     	;# 
    53  0091                     	;# 
    54  0092                     	;# 
    55  0093                     	;# 
    56  0094                     	;# 
    57  0095                     	;# 
    58  0096                     	;# 
    59  0097                     	;# 
    60  0098                     	;# 
    61  0099                     	;# 
    62  009A                     	;# 
    63  009B                     	;# 
    64  009B                     	;# 
    65  009C                     	;# 
    66  009D                     	;# 
    67  009E                     	;# 
    68  010C                     	;# 
    69  010D                     	;# 
    70  010E                     	;# 
    71  0111                     	;# 
    72  0112                     	;# 
    73  0113                     	;# 
    74  0114                     	;# 
    75  0115                     	;# 
    76  0116                     	;# 
    77  0117                     	;# 
    78  0118                     	;# 
    79  0119                     	;# 
    80  011A                     	;# 
    81  011B                     	;# 
    82  011D                     	;# 
    83  011E                     	;# 
    84  018C                     	;# 
    85  018D                     	;# 
    86  018E                     	;# 
    87  0191                     	;# 
    88  0191                     	;# 
    89  0192                     	;# 
    90  0193                     	;# 
    91  0193                     	;# 
    92  0193                     	;# 
    93  0194                     	;# 
    94  0195                     	;# 
    95  0196                     	;# 
    96  0199                     	;# 
    97  019A                     	;# 
    98  019B                     	;# 
    99  019B                     	;# 
   100  019C                     	;# 
   101  019D                     	;# 
   102  019E                     	;# 
   103  019F                     	;# 
   104  020C                     	;# 
   105  020D                     	;# 
   106  020E                     	;# 
   107  0211                     	;# 
   108  0211                     	;# 
   109  0212                     	;# 
   110  0212                     	;# 
   111  0213                     	;# 
   112  0213                     	;# 
   113  0214                     	;# 
   114  0214                     	;# 
   115  0215                     	;# 
   116  0215                     	;# 
   117  0215                     	;# 
   118  0216                     	;# 
   119  0216                     	;# 
   120  0217                     	;# 
   121  0217                     	;# 
   122  0219                     	;# 
   123  021A                     	;# 
   124  021B                     	;# 
   125  021C                     	;# 
   126  021D                     	;# 
   127  021E                     	;# 
   128  021F                     	;# 
   129  0291                     	;# 
   130  0291                     	;# 
   131  0292                     	;# 
   132  0293                     	;# 
   133  0294                     	;# 
   134  0295                     	;# 
   135  0295                     	;# 
   136  0296                     	;# 
   137  0298                     	;# 
   138  0298                     	;# 
   139  0299                     	;# 
   140  029A                     	;# 
   141  029B                     	;# 
   142  029C                     	;# 
   143  029D                     	;# 
   144  029E                     	;# 
   145  0311                     	;# 
   146  0311                     	;# 
   147  0312                     	;# 
   148  0313                     	;# 
   149  0318                     	;# 
   150  0318                     	;# 
   151  0319                     	;# 
   152  031A                     	;# 
   153  038C                     	;# 
   154  038D                     	;# 
   155  038E                     	;# 
   156  0391                     	;# 
   157  0392                     	;# 
   158  0393                     	;# 
   159  0394                     	;# 
   160  0395                     	;# 
   161  0396                     	;# 
   162  039A                     	;# 
   163  039C                     	;# 
   164  039D                     	;# 
   165  039E                     	;# 
   166  039F                     	;# 
   167  0415                     	;# 
   168  0416                     	;# 
   169  0417                     	;# 
   170  041C                     	;# 
   171  041D                     	;# 
   172  041E                     	;# 
   173  0FE4                     	;# 
   174  0FE5                     	;# 
   175  0FE6                     	;# 
   176  0FE7                     	;# 
   177  0FE8                     	;# 
   178  0FE9                     	;# 
   179  0FEA                     	;# 
   180  0FEB                     	;# 
   181  0FED                     	;# 
   182  0FEE                     	;# 
   183  0FEF                     	;# 
   184  0000                     	;# 
   185  0001                     	;# 
   186  0002                     	;# 
   187  0003                     	;# 
   188  0004                     	;# 
   189  0005                     	;# 
   190  0006                     	;# 
   191  0007                     	;# 
   192  0008                     	;# 
   193  0009                     	;# 
   194  000A                     	;# 
   195  000B                     	;# 
   196  000C                     	;# 
   197  000D                     	;# 
   198  000E                     	;# 
   199  0011                     	;# 
   200  0012                     	;# 
   201  0013                     	;# 
   202  0014                     	;# 
   203  0015                     	;# 
   204  0016                     	;# 
   205  0016                     	;# 
   206  0017                     	;# 
   207  0018                     	;# 
   208  0019                     	;# 
   209  001A                     	;# 
   210  001B                     	;# 
   211  001C                     	;# 
   212  001E                     	;# 
   213  001F                     	;# 
   214  008C                     	;# 
   215  008D                     	;# 
   216  008E                     	;# 
   217  0091                     	;# 
   218  0092                     	;# 
   219  0093                     	;# 
   220  0094                     	;# 
   221  0095                     	;# 
   222  0096                     	;# 
   223  0097                     	;# 
   224  0098                     	;# 
   225  0099                     	;# 
   226  009A                     	;# 
   227  009B                     	;# 
   228  009B                     	;# 
   229  009C                     	;# 
   230  009D                     	;# 
   231  009E                     	;# 
   232  010C                     	;# 
   233  010D                     	;# 
   234  010E                     	;# 
   235  0111                     	;# 
   236  0112                     	;# 
   237  0113                     	;# 
   238  0114                     	;# 
   239  0115                     	;# 
   240  0116                     	;# 
   241  0117                     	;# 
   242  0118                     	;# 
   243  0119                     	;# 
   244  011A                     	;# 
   245  011B                     	;# 
   246  011D                     	;# 
   247  011E                     	;# 
   248  018C                     	;# 
   249  018D                     	;# 
   250  018E                     	;# 
   251  0191                     	;# 
   252  0191                     	;# 
   253  0192                     	;# 
   254  0193                     	;# 
   255  0193                     	;# 
   256  0193                     	;# 
   257  0194                     	;# 
   258  0195                     	;# 
   259  0196                     	;# 
   260  0199                     	;# 
   261  019A                     	;# 
   262  019B                     	;# 
   263  019B                     	;# 
   264  019C                     	;# 
   265  019D                     	;# 
   266  019E                     	;# 
   267  019F                     	;# 
   268  020C                     	;# 
   269  020D                     	;# 
   270  020E                     	;# 
   271  0211                     	;# 
   272  0211                     	;# 
   273  0212                     	;# 
   274  0212                     	;# 
   275  0213                     	;# 
   276  0213                     	;# 
   277  0214                     	;# 
   278  0214                     	;# 
   279  0215                     	;# 
   280  0215                     	;# 
   281  0215                     	;# 
   282  0216                     	;# 
   283  0216                     	;# 
   284  0217                     	;# 
   285  0217                     	;# 
   286  0219                     	;# 
   287  021A                     	;# 
   288  021B                     	;# 
   289  021C                     	;# 
   290  021D                     	;# 
   291  021E                     	;# 
   292  021F                     	;# 
   293  0291                     	;# 
   294  0291                     	;# 
   295  0292                     	;# 
   296  0293                     	;# 
   297  0294                     	;# 
   298  0295                     	;# 
   299  0295                     	;# 
   300  0296                     	;# 
   301  0298                     	;# 
   302  0298                     	;# 
   303  0299                     	;# 
   304  029A                     	;# 
   305  029B                     	;# 
   306  029C                     	;# 
   307  029D                     	;# 
   308  029E                     	;# 
   309  0311                     	;# 
   310  0311                     	;# 
   311  0312                     	;# 
   312  0313                     	;# 
   313  0318                     	;# 
   314  0318                     	;# 
   315  0319                     	;# 
   316  031A                     	;# 
   317  038C                     	;# 
   318  038D                     	;# 
   319  038E                     	;# 
   320  0391                     	;# 
   321  0392                     	;# 
   322  0393                     	;# 
   323  0394                     	;# 
   324  0395                     	;# 
   325  0396                     	;# 
   326  039A                     	;# 
   327  039C                     	;# 
   328  039D                     	;# 
   329  039E                     	;# 
   330  039F                     	;# 
   331  0415                     	;# 
   332  0416                     	;# 
   333  0417                     	;# 
   334  041C                     	;# 
   335  041D                     	;# 
   336  041E                     	;# 
   337  0FE4                     	;# 
   338  0FE5                     	;# 
   339  0FE6                     	;# 
   340  0FE7                     	;# 
   341  0FE8                     	;# 
   342  0FE9                     	;# 
   343  0FEA                     	;# 
   344  0FEB                     	;# 
   345  0FED                     	;# 
   346  0FEE                     	;# 
   347  0FEF                     	;# 
   348  0000                     	;# 
   349  0001                     	;# 
   350  0002                     	;# 
   351  0003                     	;# 
   352  0004                     	;# 
   353  0005                     	;# 
   354  0006                     	;# 
   355  0007                     	;# 
   356  0008                     	;# 
   357  0009                     	;# 
   358  000A                     	;# 
   359  000B                     	;# 
   360  000C                     	;# 
   361  000D                     	;# 
   362  000E                     	;# 
   363  0011                     	;# 
   364  0012                     	;# 
   365  0013                     	;# 
   366  0014                     	;# 
   367  0015                     	;# 
   368  0016                     	;# 
   369  0016                     	;# 
   370  0017                     	;# 
   371  0018                     	;# 
   372  0019                     	;# 
   373  001A                     	;# 
   374  001B                     	;# 
   375  001C                     	;# 
   376  001E                     	;# 
   377  001F                     	;# 
   378  008C                     	;# 
   379  008D                     	;# 
   380  008E                     	;# 
   381  0091                     	;# 
   382  0092                     	;# 
   383  0093                     	;# 
   384  0094                     	;# 
   385  0095                     	;# 
   386  0096                     	;# 
   387  0097                     	;# 
   388  0098                     	;# 
   389  0099                     	;# 
   390  009A                     	;# 
   391  009B                     	;# 
   392  009B                     	;# 
   393  009C                     	;# 
   394  009D                     	;# 
   395  009E                     	;# 
   396  010C                     	;# 
   397  010D                     	;# 
   398  010E                     	;# 
   399  0111                     	;# 
   400  0112                     	;# 
   401  0113                     	;# 
   402  0114                     	;# 
   403  0115                     	;# 
   404  0116                     	;# 
   405  0117                     	;# 
   406  0118                     	;# 
   407  0119                     	;# 
   408  011A                     	;# 
   409  011B                     	;# 
   410  011D                     	;# 
   411  011E                     	;# 
   412  018C                     	;# 
   413  018D                     	;# 
   414  018E                     	;# 
   415  0191                     	;# 
   416  0191                     	;# 
   417  0192                     	;# 
   418  0193                     	;# 
   419  0193                     	;# 
   420  0193                     	;# 
   421  0194                     	;# 
   422  0195                     	;# 
   423  0196                     	;# 
   424  0199                     	;# 
   425  019A                     	;# 
   426  019B                     	;# 
   427  019B                     	;# 
   428  019C                     	;# 
   429  019D                     	;# 
   430  019E                     	;# 
   431  019F                     	;# 
   432  020C                     	;# 
   433  020D                     	;# 
   434  020E                     	;# 
   435  0211                     	;# 
   436  0211                     	;# 
   437  0212                     	;# 
   438  0212                     	;# 
   439  0213                     	;# 
   440  0213                     	;# 
   441  0214                     	;# 
   442  0214                     	;# 
   443  0215                     	;# 
   444  0215                     	;# 
   445  0215                     	;# 
   446  0216                     	;# 
   447  0216                     	;# 
   448  0217                     	;# 
   449  0217                     	;# 
   450  0219                     	;# 
   451  021A                     	;# 
   452  021B                     	;# 
   453  021C                     	;# 
   454  021D                     	;# 
   455  021E                     	;# 
   456  021F                     	;# 
   457  0291                     	;# 
   458  0291                     	;# 
   459  0292                     	;# 
   460  0293                     	;# 
   461  0294                     	;# 
   462  0295                     	;# 
   463  0295                     	;# 
   464  0296                     	;# 
   465  0298                     	;# 
   466  0298                     	;# 
   467  0299                     	;# 
   468  029A                     	;# 
   469  029B                     	;# 
   470  029C                     	;# 
   471  029D                     	;# 
   472  029E                     	;# 
   473  0311                     	;# 
   474  0311                     	;# 
   475  0312                     	;# 
   476  0313                     	;# 
   477  0318                     	;# 
   478  0318                     	;# 
   479  0319                     	;# 
   480  031A                     	;# 
   481  038C                     	;# 
   482  038D                     	;# 
   483  038E                     	;# 
   484  0391                     	;# 
   485  0392                     	;# 
   486  0393                     	;# 
   487  0394                     	;# 
   488  0395                     	;# 
   489  0396                     	;# 
   490  039A                     	;# 
   491  039C                     	;# 
   492  039D                     	;# 
   493  039E                     	;# 
   494  039F                     	;# 
   495  0415                     	;# 
   496  0416                     	;# 
   497  0417                     	;# 
   498  041C                     	;# 
   499  041D                     	;# 
   500  041E                     	;# 
   501  0FE4                     	;# 
   502  0FE5                     	;# 
   503  0FE6                     	;# 
   504  0FE7                     	;# 
   505  0FE8                     	;# 
   506  0FE9                     	;# 
   507  0FEA                     	;# 
   508  0FEB                     	;# 
   509  0FED                     	;# 
   510  0FEE                     	;# 
   511  0FEF                     	;# 
   512                           
   513                           	psect	idataBANK0
   514  0662                     __pidataBANK0:	
   515                           
   516                           ;initializer for _Digit
   517  0662  3403               	retlw	3
   518  0663  349F               	retlw	159
   519  0664  3425               	retlw	37
   520  0665  340D               	retlw	13
   521  0666  3499               	retlw	153
   522  0667  3449               	retlw	73
   523  0668  3441               	retlw	65
   524  0669  341F               	retlw	31
   525  066A  3401               	retlw	1
   526  066B  3409               	retlw	9
   527                           
   528                           	psect	nvBANK0
   529  002E                     __pnvBANK0:	
   530  002E                     _number:	
   531  002E                     	ds	2
   532  0095                     _OPTION_REGbits	set	149
   533  0099                     _OSCCON	set	153
   534  009A                     _OSCSTAT	set	154
   535  0098                     _OSCTUNE	set	152
   536  008C                     _TRISA	set	140
   537  008D                     _TRISB	set	141
   538  008E                     _TRISC	set	142
   539  011D                     _APFCON0	set	285
   540  011E                     _APFCON1	set	286
   541  010C                     _LATA	set	268
   542  010D                     _LATB	set	269
   543  010E                     _LATC	set	270
   544  010E                     _LATCbits	set	270
   545  0875                     _LATC5	set	2165
   546  0876                     _LATC6	set	2166
   547  0877                     _LATC7	set	2167
   548  018C                     _ANSELA	set	396
   549  018D                     _ANSELB	set	397
   550  018E                     _ANSELC	set	398
   551  020C                     _WPUA	set	524
   552  020D                     _WPUB	set	525
   553  020E                     _WPUC	set	526
   554                           
   555                           ; #config settings
   556  0000                     
   557                           	psect	cinit
   558  07EE                     start_initialization:	
   559  07EE                     __initialization:	
   560                           
   561                           ; Clear objects allocated to BANK0
   562  07EE  01AA               	clrf	__pbssBANK0& (0+127)
   563  07EF  01AB               	clrf	(__pbssBANK0+1)& (0+127)
   564  07F0  01AC               	clrf	(__pbssBANK0+2)& (0+127)
   565  07F1  01AD               	clrf	(__pbssBANK0+3)& (0+127)
   566                           
   567                           ; Initialize objects allocated to BANK0
   568  07F2  3062               	movlw	low __pidataBANK0
   569  07F3  0084               	movwf	4
   570  07F4  3086               	movlw	(high __pidataBANK0)| (0+128)
   571  07F5  0085               	movwf	5
   572  07F6  3020               	movlw	low __pdataBANK0
   573  07F7  0086               	movwf	6
   574  07F8  3000               	movlw	high __pdataBANK0
   575  07F9  0087               	movwf	7
   576  07FA  300A               	movlw	10
   577  07FB  3186  265C         	fcall	init_ram
   578  07FD                     end_of_initialization:	
   579                           ;End of C runtime variable initialization code
   580                           
   581  07FD                     __end_of__initialization:	
   582  07FD  0020               	movlb	0
   583  07FE  3186  2E6C         	ljmp	_main	;jump to C main() function
   584                           
   585                           	psect	bssBANK0
   586  002A                     __pbssBANK0:	
   587  002A                     _d1:	
   588  002A                     	ds	1
   589  002B                     _d2:	
   590  002B                     	ds	1
   591  002C                     _d3:	
   592  002C                     	ds	1
   593  002D                     _d4:	
   594  002D                     	ds	1
   595                           
   596                           	psect	dataBANK0
   597  0020                     __pdataBANK0:	
   598  0020                     _Digit:	
   599  0020                     	ds	10
   600                           
   601                           	psect	inittext
   602  065C                     init_ram:	
   603  065C  00FE               	movwf	126
   604  065D                     initloop:	
   605  065D  0012               	moviw fsr0++
   606  065E  001E               	movwi fsr1++
   607  065F  0BFE               	decfsz	126,f
   608  0660  2E5D               	goto	initloop
   609  0661  3400               	retlw	0
   610                           
   611                           	psect	cstackCOMMON
   612  0070                     __pcstackCOMMON:	
   613  0070                     ?_OSCILLATOR_Initialize:	
   614  0070                     ??_OSCILLATOR_Initialize:	
   615                           ; 0 bytes @ 0x0
   616                           
   617  0070                     ?_PIN_MANAGER_Initialize:	
   618                           ; 0 bytes @ 0x0
   619                           
   620  0070                     ??_PIN_MANAGER_Initialize:	
   621                           ; 0 bytes @ 0x0
   622                           
   623  0070                     ?_SYSTEM_Initialize:	
   624                           ; 0 bytes @ 0x0
   625                           
   626  0070                     ??_SYSTEM_Initialize:	
   627                           ; 0 bytes @ 0x0
   628                           
   629  0070                     ?_writeDigit:	
   630                           ; 0 bytes @ 0x0
   631                           
   632  0070                     ??_writeDigit:	
   633                           ; 0 bytes @ 0x0
   634                           
   635  0070                     ?_main:	
   636                           ; 0 bytes @ 0x0
   637                           
   638  0070                     ?___lwdiv:	
   639                           ; 0 bytes @ 0x0
   640                           
   641  0070                     ?___lwmod:	
   642                           ; 2 bytes @ 0x0
   643                           
   644  0070                     ___lwdiv@divisor:	
   645                           ; 2 bytes @ 0x0
   646                           
   647  0070                     ___lwmod@divisor:	
   648                           ; 2 bytes @ 0x0
   649                           
   650                           
   651                           ; 2 bytes @ 0x0
   652  0070                     	ds	1
   653  0071                     writeDigit@digit:	
   654                           
   655                           ; 1 bytes @ 0x1
   656  0071                     	ds	1
   657  0072                     writeDigit@i:	
   658  0072                     ___lwdiv@dividend:	
   659                           ; 1 bytes @ 0x2
   660                           
   661  0072                     ___lwmod@dividend:	
   662                           ; 2 bytes @ 0x2
   663                           
   664                           
   665                           ; 2 bytes @ 0x2
   666  0072                     	ds	2
   667  0074                     ??___lwdiv:	
   668  0074                     ??___lwmod:	
   669                           ; 0 bytes @ 0x4
   670                           
   671                           
   672                           ; 0 bytes @ 0x4
   673  0074                     	ds	1
   674  0075                     ___lwmod@counter:	
   675  0075                     ___lwdiv@quotient:	
   676                           ; 1 bytes @ 0x5
   677                           
   678                           
   679                           ; 2 bytes @ 0x5
   680  0075                     	ds	2
   681  0077                     ___lwdiv@counter:	
   682                           
   683                           ; 1 bytes @ 0x7
   684  0077                     	ds	1
   685  0078                     ?_displayNumber:	
   686  0078                     displayNumber@number1:	
   687                           ; 0 bytes @ 0x8
   688                           
   689                           
   690                           ; 2 bytes @ 0x8
   691  0078                     	ds	2
   692  007A                     ??_displayNumber:	
   693                           
   694                           ; 0 bytes @ 0xA
   695  007A                     	ds	2
   696  007C                     ??_main:	
   697                           
   698                           ; 0 bytes @ 0xC
   699  007C                     	ds	2
   700                           
   701                           	psect	maintext
   702  066C                     __pmaintext:	
   703 ;;
   704 ;;Main: autosize = 0, tempsize = 2, incstack = 0, save=0
   705 ;;
   706 ;; *************** function _main *****************
   707 ;; Defined at:
   708 ;;		line 72 in file "main.c"
   709 ;; Parameters:    Size  Location     Type
   710 ;;		None
   711 ;; Auto vars:     Size  Location     Type
   712 ;;		None
   713 ;; Return value:  Size  Location     Type
   714 ;;		None               void
   715 ;; Registers used:
   716 ;;		wreg, fsr1l, fsr1h, status,2, status,0, pclath, cstack
   717 ;; Tracked objects:
   718 ;;		On entry : B1F/0
   719 ;;		On exit  : 0/0
   720 ;;		Unchanged: 0/0
   721 ;; Data sizes:     COMMON   BANK0   BANK1   BANK2   BANK3   BANK4   BANK5   BANK6   BANK7   BANK8   BANK9  BANK10  BANK1
      +1  BANK12
   722 ;;      Params:         0       0       0       0       0       0       0       0       0       0       0       0       
      +0       0
   723 ;;      Locals:         0       0       0       0       0       0       0       0       0       0       0       0       
      +0       0
   724 ;;      Temps:          2       0       0       0       0       0       0       0       0       0       0       0       
      +0       0
   725 ;;      Totals:         2       0       0       0       0       0       0       0       0       0       0       0       
      +0       0
   726 ;;Total ram usage:        2 bytes
   727 ;; Hardware stack levels required when called:    2
   728 ;; This function calls:
   729 ;;		_SYSTEM_Initialize
   730 ;;		_displayNumber
   731 ;; This function is called by:
   732 ;;		Startup code after reset
   733 ;; This function uses a non-reentrant model
   734 ;;
   735                           
   736                           
   737                           ;psect for function _main
   738  066C                     _main:	
   739                           
   740                           ;main.c: 75: SYSTEM_Initialize();
   741                           
   742                           ;incstack = 0
   743                           ; Regs used in _main: [wreg+fsr1l+fsr1h+status,2+status,0+pclath+cstack]
   744  066C  3186  2656  3186   	fcall	_SYSTEM_Initialize
   745  066F                     l819:	
   746                           ;main.c: 92: while (1)
   747                           
   748                           
   749                           ;main.c: 93: {
   750                           ;main.c: 94: for (number = 0; number < 10000; number++)
   751  066F  0020               	movlb	0	; select bank0
   752  0670  01AE               	clrf	_number
   753  0671  01AF               	clrf	_number+1
   754  0672                     L1:	
   755  0672  3027               	movlw	39
   756  0673  022F               	subwf	_number+1,w
   757  0674  3010               	movlw	16
   758  0675  1903               	skipnz
   759  0676  022E               	subwf	_number,w
   760  0677  1803               	btfsc	3,0
   761  0678  2E6F               	goto	l819
   762                           
   763                           ;main.c: 95: {
   764                           ;main.c: 96: displayNumber(number);
   765  0679  082F               	movf	_number+1,w
   766  067A  00F9               	movwf	displayNumber@number1+1
   767  067B  082E               	movf	_number,w
   768  067C  00F8               	movwf	displayNumber@number1
   769  067D  3187  273B  3186   	fcall	_displayNumber
   770                           
   771                           ;main.c: 97: _delay((unsigned long)((10)*(4000000/4000.0)));
   772  0680  300D               	movlw	13
   773  0681  00FD               	movwf	??_main+1
   774  0682  30FB               	movlw	251
   775  0683  00FC               	movwf	??_main
   776  0684                     u417:	
   777  0684  0BFC               	decfsz	??_main,f
   778  0685  2E84               	goto	u417
   779  0686  0BFD               	decfsz	??_main+1,f
   780  0687  2E84               	goto	u417
   781  0688  3200               	nop2
   782  0689  3001               	movlw	1
   783  068A  0020               	movlb	0	; select bank0
   784  068B  07AE               	addwf	_number,f
   785  068C  3000               	movlw	0
   786  068D  3DAF               	addwfc	_number+1,f
   787  068E  2E72               	goto	L1
   788  068F                     __end_of_main:	
   789                           
   790                           	psect	text1
   791  073B                     __ptext1:	
   792 ;; *************** function _displayNumber *****************
   793 ;; Defined at:
   794 ;;		line 32 in file "main.c"
   795 ;; Parameters:    Size  Location     Type
   796 ;;  number1         2    8[COMMON] unsigned int 
   797 ;; Auto vars:     Size  Location     Type
   798 ;;		None
   799 ;; Return value:  Size  Location     Type
   800 ;;		None               void
   801 ;; Registers used:
   802 ;;		wreg, fsr1l, fsr1h, status,2, status,0, pclath, cstack
   803 ;; Tracked objects:
   804 ;;		On entry : 0/0
   805 ;;		On exit  : 0/0
   806 ;;		Unchanged: 0/0
   807 ;; Data sizes:     COMMON   BANK0   BANK1   BANK2   BANK3   BANK4   BANK5   BANK6   BANK7   BANK8   BANK9  BANK10  BANK1
      +1  BANK12
   808 ;;      Params:         2       0       0       0       0       0       0       0       0       0       0       0       
      +0       0
   809 ;;      Locals:         0       0       0       0       0       0       0       0       0       0       0       0       
      +0       0
   810 ;;      Temps:          2       0       0       0       0       0       0       0       0       0       0       0       
      +0       0
   811 ;;      Totals:         4       0       0       0       0       0       0       0       0       0       0       0       
      +0       0
   812 ;;Total ram usage:        4 bytes
   813 ;; Hardware stack levels used:    1
   814 ;; Hardware stack levels required when called:    1
   815 ;; This function calls:
   816 ;;		___lwdiv
   817 ;;		___lwmod
   818 ;;		_writeDigit
   819 ;; This function is called by:
   820 ;;		_main
   821 ;; This function uses a non-reentrant model
   822 ;;
   823                           
   824                           
   825                           ;psect for function _displayNumber
   826  073B                     _displayNumber:	
   827                           
   828                           ;main.c: 34: d1 = number1 / 1000;
   829                           
   830                           ;incstack = 0
   831                           ; Regs used in _displayNumber: [wreg+fsr1l+fsr1h+status,2+status,0+pclath+cstack]
   832  073B  30E8               	movlw	232
   833  073C  00F0               	movwf	___lwdiv@divisor
   834  073D  3003               	movlw	3
   835  073E  00F1               	movwf	___lwdiv@divisor+1
   836  073F  0879               	movf	displayNumber@number1+1,w
   837  0740  00F3               	movwf	___lwdiv@dividend+1
   838  0741  0878               	movf	displayNumber@number1,w
   839  0742  00F2               	movwf	___lwdiv@dividend
   840  0743  3187  2707  3187   	fcall	___lwdiv
   841  0746  0870               	movf	?___lwdiv,w
   842  0747  00FA               	movwf	??_displayNumber
   843  0748  087A               	movf	??_displayNumber,w
   844  0749  0020               	movlb	0	; select bank0
   845  074A  00AA               	movwf	_d1
   846                           
   847                           ;main.c: 35: number1 %= 1000;
   848  074B  30E8               	movlw	232
   849  074C  00F0               	movwf	___lwmod@divisor
   850  074D  3003               	movlw	3
   851  074E  00F1               	movwf	___lwmod@divisor+1
   852  074F  0879               	movf	displayNumber@number1+1,w
   853  0750  00F3               	movwf	___lwmod@dividend+1
   854  0751  0878               	movf	displayNumber@number1,w
   855  0752  00F2               	movwf	___lwmod@dividend
   856  0753  3186  26DB  3187   	fcall	___lwmod
   857  0756  0871               	movf	?___lwmod+1,w
   858  0757  00F9               	movwf	displayNumber@number1+1
   859  0758  0870               	movf	?___lwmod,w
   860  0759  00F8               	movwf	displayNumber@number1
   861                           
   862                           ;main.c: 36: d2 = number1 / 100;
   863  075A  3064               	movlw	100
   864  075B  00F0               	movwf	___lwdiv@divisor
   865  075C  3000               	movlw	0
   866  075D  00F1               	movwf	___lwdiv@divisor+1
   867  075E  0879               	movf	displayNumber@number1+1,w
   868  075F  00F3               	movwf	___lwdiv@dividend+1
   869  0760  0878               	movf	displayNumber@number1,w
   870  0761  00F2               	movwf	___lwdiv@dividend
   871  0762  3187  2707  3187   	fcall	___lwdiv
   872  0765  0870               	movf	?___lwdiv,w
   873  0766  00FA               	movwf	??_displayNumber
   874  0767  087A               	movf	??_displayNumber,w
   875  0768  0020               	movlb	0	; select bank0
   876  0769  00AB               	movwf	_d2
   877                           
   878                           ;main.c: 37: number1 %= 100;
   879  076A  3064               	movlw	100
   880  076B  00F0               	movwf	___lwmod@divisor
   881  076C  3000               	movlw	0
   882  076D  00F1               	movwf	___lwmod@divisor+1
   883  076E  0879               	movf	displayNumber@number1+1,w
   884  076F  00F3               	movwf	___lwmod@dividend+1
   885  0770  0878               	movf	displayNumber@number1,w
   886  0771  00F2               	movwf	___lwmod@dividend
   887  0772  3186  26DB  3187   	fcall	___lwmod
   888  0775  0871               	movf	?___lwmod+1,w
   889  0776  00F9               	movwf	displayNumber@number1+1
   890  0777  0870               	movf	?___lwmod,w
   891  0778  00F8               	movwf	displayNumber@number1
   892                           
   893                           ;main.c: 38: d3 = number1 / 10;
   894  0779  300A               	movlw	10
   895  077A  00F0               	movwf	___lwdiv@divisor
   896  077B  3000               	movlw	0
   897  077C  00F1               	movwf	___lwdiv@divisor+1
   898  077D  0879               	movf	displayNumber@number1+1,w
   899  077E  00F3               	movwf	___lwdiv@dividend+1
   900  077F  0878               	movf	displayNumber@number1,w
   901  0780  00F2               	movwf	___lwdiv@dividend
   902  0781  3187  2707  3187   	fcall	___lwdiv
   903  0784  0870               	movf	?___lwdiv,w
   904  0785  00FA               	movwf	??_displayNumber
   905  0786  087A               	movf	??_displayNumber,w
   906  0787  0020               	movlb	0	; select bank0
   907  0788  00AC               	movwf	_d3
   908                           
   909                           ;main.c: 39: d4 = number1 % 10;
   910  0789  300A               	movlw	10
   911  078A  00F0               	movwf	___lwmod@divisor
   912  078B  3000               	movlw	0
   913  078C  00F1               	movwf	___lwmod@divisor+1
   914  078D  0879               	movf	displayNumber@number1+1,w
   915  078E  00F3               	movwf	___lwmod@dividend+1
   916  078F  0878               	movf	displayNumber@number1,w
   917  0790  00F2               	movwf	___lwmod@dividend
   918  0791  3186  26DB  3187   	fcall	___lwmod
   919  0794  0870               	movf	?___lwmod,w
   920  0795  00FA               	movwf	??_displayNumber
   921  0796  087A               	movf	??_displayNumber,w
   922  0797  0020               	movlb	0	; select bank0
   923  0798  00AD               	movwf	_d4
   924                           
   925                           ;main.c: 48: LATCbits.LATC3 = 1;
   926  0799  0022               	movlb	2	; select bank2
   927  079A  158E               	bsf	14,3	;volatile
   928                           
   929                           ;main.c: 49: LATCbits.LATC4 = 1;
   930  079B  160E               	bsf	14,4	;volatile
   931                           
   932                           ;main.c: 50: writeDigit(Digit[d1]);
   933  079C  0020               	movlb	0	; select bank0
   934  079D  082A               	movf	_d1,w
   935  079E  3E20               	addlw	(low (_Digit| 0))& (0+255)
   936  079F  0086               	movwf	6
   937  07A0  0187               	clrf	7
   938  07A1  0801               	movf	1,w
   939  07A2  3186  26B3  3187   	fcall	_writeDigit
   940                           
   941                           ;main.c: 51: _delay((unsigned long)((50)*(4000000/4000.0)));
   942  07A5  3041               	movlw	65
   943  07A6  00FB               	movwf	??_displayNumber+1
   944  07A7  30EE               	movlw	238
   945  07A8  00FA               	movwf	??_displayNumber
   946  07A9                     u427:	
   947  07A9  0BFA               	decfsz	??_displayNumber,f
   948  07AA  2FA9               	goto	u427
   949  07AB  0BFB               	decfsz	??_displayNumber+1,f
   950  07AC  2FA9               	goto	u427
   951  07AD  0000               	nop
   952                           
   953                           ;main.c: 54: LATCbits.LATC3 = 0;
   954  07AE  0022               	movlb	2	; select bank2
   955  07AF  118E               	bcf	14,3	;volatile
   956                           
   957                           ;main.c: 55: LATCbits.LATC4 = 1;
   958  07B0  160E               	bsf	14,4	;volatile
   959                           
   960                           ;main.c: 56: writeDigit(Digit[d2]);
   961  07B1  0020               	movlb	0	; select bank0
   962  07B2  082B               	movf	_d2,w
   963  07B3  3E20               	addlw	(low (_Digit| 0))& (0+255)
   964  07B4  0086               	movwf	6
   965  07B5  0187               	clrf	7
   966  07B6  0801               	movf	1,w
   967  07B7  3186  26B3  3187   	fcall	_writeDigit
   968                           
   969                           ;main.c: 57: _delay((unsigned long)((50)*(4000000/4000.0)));
   970  07BA  3041               	movlw	65
   971  07BB  00FB               	movwf	??_displayNumber+1
   972  07BC  30EE               	movlw	238
   973  07BD  00FA               	movwf	??_displayNumber
   974  07BE                     u437:	
   975  07BE  0BFA               	decfsz	??_displayNumber,f
   976  07BF  2FBE               	goto	u437
   977  07C0  0BFB               	decfsz	??_displayNumber+1,f
   978  07C1  2FBE               	goto	u437
   979  07C2  0000               	nop
   980                           
   981                           ;main.c: 60: LATCbits.LATC3 = 1;
   982  07C3  0022               	movlb	2	; select bank2
   983  07C4  158E               	bsf	14,3	;volatile
   984                           
   985                           ;main.c: 61: LATCbits.LATC4 = 0;
   986  07C5  120E               	bcf	14,4	;volatile
   987                           
   988                           ;main.c: 62: writeDigit(Digit[d3]);
   989  07C6  0020               	movlb	0	; select bank0
   990  07C7  082C               	movf	_d3,w
   991  07C8  3E20               	addlw	(low (_Digit| 0))& (0+255)
   992  07C9  0086               	movwf	6
   993  07CA  0187               	clrf	7
   994  07CB  0801               	movf	1,w
   995  07CC  3186  26B3  3187   	fcall	_writeDigit
   996                           
   997                           ;main.c: 63: _delay((unsigned long)((50)*(4000000/4000.0)));
   998  07CF  3041               	movlw	65
   999  07D0  00FB               	movwf	??_displayNumber+1
  1000  07D1  30EE               	movlw	238
  1001  07D2  00FA               	movwf	??_displayNumber
  1002  07D3                     u447:	
  1003  07D3  0BFA               	decfsz	??_displayNumber,f
  1004  07D4  2FD3               	goto	u447
  1005  07D5  0BFB               	decfsz	??_displayNumber+1,f
  1006  07D6  2FD3               	goto	u447
  1007  07D7  0000               	nop
  1008                           
  1009                           ;main.c: 66: LATCbits.LATC3 = 0;
  1010  07D8  0022               	movlb	2	; select bank2
  1011  07D9  118E               	bcf	14,3	;volatile
  1012                           
  1013                           ;main.c: 67: LATCbits.LATC4 = 0;
  1014  07DA  120E               	bcf	14,4	;volatile
  1015                           
  1016                           ;main.c: 68: writeDigit(Digit[d4]);
  1017  07DB  0020               	movlb	0	; select bank0
  1018  07DC  082D               	movf	_d4,w
  1019  07DD  3E20               	addlw	(low (_Digit| 0))& (0+255)
  1020  07DE  0086               	movwf	6
  1021  07DF  0187               	clrf	7
  1022  07E0  0801               	movf	1,w
  1023  07E1  3186  26B3  3187   	fcall	_writeDigit
  1024                           
  1025                           ;main.c: 69: _delay((unsigned long)((50)*(4000000/4000.0)));
  1026  07E4  3041               	movlw	65
  1027  07E5  00FB               	movwf	??_displayNumber+1
  1028  07E6  30EE               	movlw	238
  1029  07E7  00FA               	movwf	??_displayNumber
  1030  07E8                     u457:	
  1031  07E8  0BFA               	decfsz	??_displayNumber,f
  1032  07E9  2FE8               	goto	u457
  1033  07EA  0BFB               	decfsz	??_displayNumber+1,f
  1034  07EB  2FE8               	goto	u457
  1035  07EC  0000               	nop
  1036  07ED  0008               	return
  1037  07EE                     __end_of_displayNumber:	
  1038                           
  1039                           	psect	text2
  1040  06B3                     __ptext2:	
  1041 ;; *************** function _writeDigit *****************
  1042 ;; Defined at:
  1043 ;;		line 15 in file "main.c"
  1044 ;; Parameters:    Size  Location     Type
  1045 ;;  digit           1    wreg     unsigned char 
  1046 ;; Auto vars:     Size  Location     Type
  1047 ;;  digit           1    1[COMMON] unsigned char 
  1048 ;;  i               1    2[COMMON] unsigned char 
  1049 ;; Return value:  Size  Location     Type
  1050 ;;		None               void
  1051 ;; Registers used:
  1052 ;;		wreg, status,2, status,0
  1053 ;; Tracked objects:
  1054 ;;		On entry : 0/0
  1055 ;;		On exit  : 0/0
  1056 ;;		Unchanged: 0/0
  1057 ;; Data sizes:     COMMON   BANK0   BANK1   BANK2   BANK3   BANK4   BANK5   BANK6   BANK7   BANK8   BANK9  BANK10  BANK1
      +1  BANK12
  1058 ;;      Params:         0       0       0       0       0       0       0       0       0       0       0       0       
      +0       0
  1059 ;;      Locals:         2       0       0       0       0       0       0       0       0       0       0       0       
      +0       0
  1060 ;;      Temps:          1       0       0       0       0       0       0       0       0       0       0       0       
      +0       0
  1061 ;;      Totals:         3       0       0       0       0       0       0       0       0       0       0       0       
      +0       0
  1062 ;;Total ram usage:        3 bytes
  1063 ;; Hardware stack levels used:    1
  1064 ;; This function calls:
  1065 ;;		Nothing
  1066 ;; This function is called by:
  1067 ;;		_displayNumber
  1068 ;; This function uses a non-reentrant model
  1069 ;;
  1070                           
  1071                           
  1072                           ;psect for function _writeDigit
  1073  06B3                     _writeDigit:	
  1074                           
  1075                           ;incstack = 0
  1076                           ; Regs used in _writeDigit: [wreg+status,2+status,0]
  1077                           ;writeDigit@digit stored from wreg
  1078  06B3  00F1               	movwf	writeDigit@digit
  1079                           
  1080                           ;main.c: 16: unsigned char i;
  1081                           ;main.c: 17: LATC7 = 0;
  1082  06B4  0022               	movlb	2	; select bank2
  1083  06B5  138E               	bcf	14,7	;volatile
  1084                           
  1085                           ;main.c: 18: LATC5 = 0;
  1086  06B6  128E               	bcf	14,5	;volatile
  1087                           
  1088                           ;main.c: 19: LATC7 = 0;
  1089  06B7  138E               	bcf	14,7	;volatile
  1090                           
  1091                           ;main.c: 20: LATC5 = 0;
  1092  06B8  128E               	bcf	14,5	;volatile
  1093                           
  1094                           ;main.c: 21: for (i = 0; i < 8; i++) {
  1095  06B9  01F2               	clrf	writeDigit@i
  1096  06BA  3008               	movlw	8
  1097  06BB  0272               	subwf	writeDigit@i,w
  1098  06BC  1803               	btfsc	3,0
  1099  06BD  2ED8               	goto	l77
  1100  06BE                     l721:	
  1101                           
  1102                           ;main.c: 22: LATC6 = (digit >> i) & 0x01;
  1103  06BE  0871               	movf	writeDigit@digit,w
  1104  06BF  00F0               	movwf	??_writeDigit
  1105  06C0  0A72               	incf	writeDigit@i,w
  1106  06C1  2EC3               	goto	u224
  1107  06C2                     u225:	
  1108  06C2  36F0               	lsrf	??_writeDigit,f
  1109  06C3                     u224:	
  1110  06C3  0B89               	decfsz	9,f
  1111  06C4  2EC2               	goto	u225
  1112  06C5  1C70               	btfss	??_writeDigit,0
  1113  06C6  2ECA               	goto	u230
  1114  06C7  0022               	movlb	2	; select bank2
  1115  06C8  170E               	bsf	14,6	;volatile
  1116  06C9  2ECC               	goto	l723
  1117  06CA                     u230:	
  1118  06CA  0022               	movlb	2	; select bank2
  1119  06CB  130E               	bcf	14,6	;volatile
  1120  06CC                     l723:	
  1121                           
  1122                           ;main.c: 23: LATC7 = 1;
  1123  06CC  178E               	bsf	14,7	;volatile
  1124                           
  1125                           ;main.c: 24: LATC7 = 1;
  1126  06CD  178E               	bsf	14,7	;volatile
  1127                           
  1128                           ;main.c: 25: LATC7 = 0;
  1129  06CE  138E               	bcf	14,7	;volatile
  1130                           
  1131                           ;main.c: 26: LATC7 = 0;
  1132  06CF  138E               	bcf	14,7	;volatile
  1133  06D0  3001               	movlw	1
  1134  06D1  00F0               	movwf	??_writeDigit
  1135  06D2  0870               	movf	??_writeDigit,w
  1136  06D3  07F2               	addwf	writeDigit@i,f
  1137  06D4  3008               	movlw	8
  1138  06D5  0272               	subwf	writeDigit@i,w
  1139  06D6  1C03               	skipc
  1140  06D7  2EBE               	goto	l721
  1141  06D8                     l77:	
  1142                           
  1143                           ;main.c: 27: }
  1144                           ;main.c: 28: LATC5 = 1;
  1145  06D8  168E               	bsf	14,5	;volatile
  1146                           
  1147                           ;main.c: 29: LATC5 = 1;
  1148  06D9  168E               	bsf	14,5	;volatile
  1149  06DA  0008               	return
  1150  06DB                     __end_of_writeDigit:	
  1151                           
  1152                           	psect	text3
  1153  06DB                     __ptext3:	
  1154 ;; *************** function ___lwmod *****************
  1155 ;; Defined at:
  1156 ;;		line 6 in file "C:\Program Files\Microchip\xc8\v1.34\sources\common\lwmod.c"
  1157 ;; Parameters:    Size  Location     Type
  1158 ;;  divisor         2    0[COMMON] unsigned int 
  1159 ;;  dividend        2    2[COMMON] unsigned int 
  1160 ;; Auto vars:     Size  Location     Type
  1161 ;;  counter         1    5[COMMON] unsigned char 
  1162 ;; Return value:  Size  Location     Type
  1163 ;;                  2    0[COMMON] unsigned int 
  1164 ;; Registers used:
  1165 ;;		wreg, status,2, status,0
  1166 ;; Tracked objects:
  1167 ;;		On entry : 0/0
  1168 ;;		On exit  : 0/0
  1169 ;;		Unchanged: 0/0
  1170 ;; Data sizes:     COMMON   BANK0   BANK1   BANK2   BANK3   BANK4   BANK5   BANK6   BANK7   BANK8   BANK9  BANK10  BANK1
      +1  BANK12
  1171 ;;      Params:         4       0       0       0       0       0       0       0       0       0       0       0       
      +0       0
  1172 ;;      Locals:         1       0       0       0       0       0       0       0       0       0       0       0       
      +0       0
  1173 ;;      Temps:          1       0       0       0       0       0       0       0       0       0       0       0       
      +0       0
  1174 ;;      Totals:         6       0       0       0       0       0       0       0       0       0       0       0       
      +0       0
  1175 ;;Total ram usage:        6 bytes
  1176 ;; Hardware stack levels used:    1
  1177 ;; This function calls:
  1178 ;;		Nothing
  1179 ;; This function is called by:
  1180 ;;		_displayNumber
  1181 ;; This function uses a non-reentrant model
  1182 ;;
  1183                           
  1184                           
  1185                           ;psect for function ___lwmod
  1186  06DB                     ___lwmod:	
  1187                           
  1188                           ;incstack = 0
  1189                           ; Regs used in ___lwmod: [wreg+status,2+status,0]
  1190  06DB  0870               	movf	___lwmod@divisor,w
  1191  06DC  0471               	iorwf	___lwmod@divisor+1,w
  1192  06DD  1903               	btfsc	3,2
  1193  06DE  2F02               	goto	l777
  1194  06DF  01F5               	clrf	___lwmod@counter
  1195  06E0  0AF5               	incf	___lwmod@counter,f
  1196  06E1                     l767:	
  1197  06E1  1BF1               	btfsc	___lwmod@divisor+1,7
  1198  06E2  2EED               	goto	l769
  1199  06E3  3001               	movlw	1
  1200  06E4                     u345:	
  1201  06E4  35F0               	lslf	___lwmod@divisor,f
  1202  06E5  0DF1               	rlf	___lwmod@divisor+1,f
  1203  06E6  0B89               	decfsz	9,f
  1204  06E7  2EE4               	goto	u345
  1205  06E8  3001               	movlw	1
  1206  06E9  00F4               	movwf	??___lwmod
  1207  06EA  0874               	movf	??___lwmod,w
  1208  06EB  07F5               	addwf	___lwmod@counter,f
  1209  06EC  2EE1               	goto	l767
  1210  06ED                     l769:	
  1211  06ED  0871               	movf	___lwmod@divisor+1,w
  1212  06EE  0273               	subwf	___lwmod@dividend+1,w
  1213  06EF  1D03               	skipz
  1214  06F0  2EF3               	goto	u365
  1215  06F1  0870               	movf	___lwmod@divisor,w
  1216  06F2  0272               	subwf	___lwmod@dividend,w
  1217  06F3                     u365:	
  1218  06F3  1C03               	skipc
  1219  06F4  2EF9               	goto	l773
  1220  06F5  0870               	movf	___lwmod@divisor,w
  1221  06F6  02F2               	subwf	___lwmod@dividend,f
  1222  06F7  0871               	movf	___lwmod@divisor+1,w
  1223  06F8  3BF3               	subwfb	___lwmod@dividend+1,f
  1224  06F9                     l773:	
  1225  06F9  3001               	movlw	1
  1226  06FA                     u375:	
  1227  06FA  36F1               	lsrf	___lwmod@divisor+1,f
  1228  06FB  0CF0               	rrf	___lwmod@divisor,f
  1229  06FC  0B89               	decfsz	9,f
  1230  06FD  2EFA               	goto	u375
  1231  06FE  3001               	movlw	1
  1232  06FF  02F5               	subwf	___lwmod@counter,f
  1233  0700  1D03               	btfss	3,2
  1234  0701  2EED               	goto	l769
  1235  0702                     l777:	
  1236  0702  0873               	movf	___lwmod@dividend+1,w
  1237  0703  00F1               	movwf	?___lwmod+1
  1238  0704  0872               	movf	___lwmod@dividend,w
  1239  0705  00F0               	movwf	?___lwmod
  1240  0706  0008               	return
  1241  0707                     __end_of___lwmod:	
  1242                           
  1243                           	psect	text4
  1244  0707                     __ptext4:	
  1245 ;; *************** function ___lwdiv *****************
  1246 ;; Defined at:
  1247 ;;		line 6 in file "C:\Program Files\Microchip\xc8\v1.34\sources\common\lwdiv.c"
  1248 ;; Parameters:    Size  Location     Type
  1249 ;;  divisor         2    0[COMMON] unsigned int 
  1250 ;;  dividend        2    2[COMMON] unsigned int 
  1251 ;; Auto vars:     Size  Location     Type
  1252 ;;  quotient        2    5[COMMON] unsigned int 
  1253 ;;  counter         1    7[COMMON] unsigned char 
  1254 ;; Return value:  Size  Location     Type
  1255 ;;                  2    0[COMMON] unsigned int 
  1256 ;; Registers used:
  1257 ;;		wreg, status,2, status,0
  1258 ;; Tracked objects:
  1259 ;;		On entry : 0/0
  1260 ;;		On exit  : 0/0
  1261 ;;		Unchanged: 0/0
  1262 ;; Data sizes:     COMMON   BANK0   BANK1   BANK2   BANK3   BANK4   BANK5   BANK6   BANK7   BANK8   BANK9  BANK10  BANK1
      +1  BANK12
  1263 ;;      Params:         4       0       0       0       0       0       0       0       0       0       0       0       
      +0       0
  1264 ;;      Locals:         3       0       0       0       0       0       0       0       0       0       0       0       
      +0       0
  1265 ;;      Temps:          1       0       0       0       0       0       0       0       0       0       0       0       
      +0       0
  1266 ;;      Totals:         8       0       0       0       0       0       0       0       0       0       0       0       
      +0       0
  1267 ;;Total ram usage:        8 bytes
  1268 ;; Hardware stack levels used:    1
  1269 ;; This function calls:
  1270 ;;		Nothing
  1271 ;; This function is called by:
  1272 ;;		_displayNumber
  1273 ;; This function uses a non-reentrant model
  1274 ;;
  1275                           
  1276                           
  1277                           ;psect for function ___lwdiv
  1278  0707                     ___lwdiv:	
  1279                           
  1280                           ;incstack = 0
  1281                           ; Regs used in ___lwdiv: [wreg+status,2+status,0]
  1282  0707  01F5               	clrf	___lwdiv@quotient
  1283  0708  01F6               	clrf	___lwdiv@quotient+1
  1284  0709  0870               	movf	___lwdiv@divisor,w
  1285  070A  0471               	iorwf	___lwdiv@divisor+1,w
  1286  070B  1903               	btfsc	3,2
  1287  070C  2F36               	goto	l755
  1288  070D  01F7               	clrf	___lwdiv@counter
  1289  070E  0AF7               	incf	___lwdiv@counter,f
  1290  070F                     l743:	
  1291  070F  1BF1               	btfsc	___lwdiv@divisor+1,7
  1292  0710  2F1B               	goto	l745
  1293  0711  3001               	movlw	1
  1294  0712                     u275:	
  1295  0712  35F0               	lslf	___lwdiv@divisor,f
  1296  0713  0DF1               	rlf	___lwdiv@divisor+1,f
  1297  0714  0B89               	decfsz	9,f
  1298  0715  2F12               	goto	u275
  1299  0716  3001               	movlw	1
  1300  0717  00F4               	movwf	??___lwdiv
  1301  0718  0874               	movf	??___lwdiv,w
  1302  0719  07F7               	addwf	___lwdiv@counter,f
  1303  071A  2F0F               	goto	l743
  1304  071B                     l745:	
  1305  071B  3001               	movlw	1
  1306  071C                     u295:	
  1307  071C  35F5               	lslf	___lwdiv@quotient,f
  1308  071D  0DF6               	rlf	___lwdiv@quotient+1,f
  1309  071E  0B89               	decfsz	9,f
  1310  071F  2F1C               	goto	u295
  1311  0720  0871               	movf	___lwdiv@divisor+1,w
  1312  0721  0273               	subwf	___lwdiv@dividend+1,w
  1313  0722  1D03               	skipz
  1314  0723  2F26               	goto	u305
  1315  0724  0870               	movf	___lwdiv@divisor,w
  1316  0725  0272               	subwf	___lwdiv@dividend,w
  1317  0726                     u305:	
  1318  0726  1C03               	skipc
  1319  0727  2F2D               	goto	l751
  1320  0728  0870               	movf	___lwdiv@divisor,w
  1321  0729  02F2               	subwf	___lwdiv@dividend,f
  1322  072A  0871               	movf	___lwdiv@divisor+1,w
  1323  072B  3BF3               	subwfb	___lwdiv@dividend+1,f
  1324  072C  1475               	bsf	___lwdiv@quotient,0
  1325  072D                     l751:	
  1326  072D  3001               	movlw	1
  1327  072E                     u315:	
  1328  072E  36F1               	lsrf	___lwdiv@divisor+1,f
  1329  072F  0CF0               	rrf	___lwdiv@divisor,f
  1330  0730  0B89               	decfsz	9,f
  1331  0731  2F2E               	goto	u315
  1332  0732  3001               	movlw	1
  1333  0733  02F7               	subwf	___lwdiv@counter,f
  1334  0734  1D03               	btfss	3,2
  1335  0735  2F1B               	goto	l745
  1336  0736                     l755:	
  1337  0736  0876               	movf	___lwdiv@quotient+1,w
  1338  0737  00F1               	movwf	?___lwdiv+1
  1339  0738  0875               	movf	___lwdiv@quotient,w
  1340  0739  00F0               	movwf	?___lwdiv
  1341  073A  0008               	return
  1342  073B                     __end_of___lwdiv:	
  1343                           
  1344                           	psect	text5
  1345  0656                     __ptext5:	
  1346 ;; *************** function _SYSTEM_Initialize *****************
  1347 ;; Defined at:
  1348 ;;		line 70 in file "mcc_generated_files/mcc.c"
  1349 ;; Parameters:    Size  Location     Type
  1350 ;;		None
  1351 ;; Auto vars:     Size  Location     Type
  1352 ;;		None
  1353 ;; Return value:  Size  Location     Type
  1354 ;;		None               void
  1355 ;; Registers used:
  1356 ;;		wreg, status,2, status,0, pclath, cstack
  1357 ;; Tracked objects:
  1358 ;;		On entry : 0/0
  1359 ;;		On exit  : 0/0
  1360 ;;		Unchanged: 0/0
  1361 ;; Data sizes:     COMMON   BANK0   BANK1   BANK2   BANK3   BANK4   BANK5   BANK6   BANK7   BANK8   BANK9  BANK10  BANK1
      +1  BANK12
  1362 ;;      Params:         0       0       0       0       0       0       0       0       0       0       0       0       
      +0       0
  1363 ;;      Locals:         0       0       0       0       0       0       0       0       0       0       0       0       
      +0       0
  1364 ;;      Temps:          0       0       0       0       0       0       0       0       0       0       0       0       
      +0       0
  1365 ;;      Totals:         0       0       0       0       0       0       0       0       0       0       0       0       
      +0       0
  1366 ;;Total ram usage:        0 bytes
  1367 ;; Hardware stack levels used:    1
  1368 ;; Hardware stack levels required when called:    1
  1369 ;; This function calls:
  1370 ;;		_OSCILLATOR_Initialize
  1371 ;;		_PIN_MANAGER_Initialize
  1372 ;; This function is called by:
  1373 ;;		_main
  1374 ;; This function uses a non-reentrant model
  1375 ;;
  1376                           
  1377                           
  1378                           ;psect for function _SYSTEM_Initialize
  1379  0656                     _SYSTEM_Initialize:	
  1380                           
  1381                           ;mcc.c: 72: OSCILLATOR_Initialize();
  1382                           
  1383                           ;incstack = 0
  1384                           ; Regs used in _SYSTEM_Initialize: [wreg+status,2+status,0+pclath+cstack]
  1385  0656  3186  2650  3186   	fcall	_OSCILLATOR_Initialize
  1386                           
  1387                           ;mcc.c: 73: PIN_MANAGER_Initialize();
  1388  0659  3186  268F         	fcall	_PIN_MANAGER_Initialize
  1389  065B  0008               	return
  1390  065C                     __end_of_SYSTEM_Initialize:	
  1391                           
  1392                           	psect	text6
  1393  068F                     __ptext6:	
  1394 ;; *************** function _PIN_MANAGER_Initialize *****************
  1395 ;; Defined at:
  1396 ;;		line 50 in file "mcc_generated_files/pin_manager.c"
  1397 ;; Parameters:    Size  Location     Type
  1398 ;;		None
  1399 ;; Auto vars:     Size  Location     Type
  1400 ;;		None
  1401 ;; Return value:  Size  Location     Type
  1402 ;;		None               void
  1403 ;; Registers used:
  1404 ;;		wreg, status,2
  1405 ;; Tracked objects:
  1406 ;;		On entry : 0/0
  1407 ;;		On exit  : 0/0
  1408 ;;		Unchanged: 0/0
  1409 ;; Data sizes:     COMMON   BANK0   BANK1   BANK2   BANK3   BANK4   BANK5   BANK6   BANK7   BANK8   BANK9  BANK10  BANK1
      +1  BANK12
  1410 ;;      Params:         0       0       0       0       0       0       0       0       0       0       0       0       
      +0       0
  1411 ;;      Locals:         0       0       0       0       0       0       0       0       0       0       0       0       
      +0       0
  1412 ;;      Temps:          0       0       0       0       0       0       0       0       0       0       0       0       
      +0       0
  1413 ;;      Totals:         0       0       0       0       0       0       0       0       0       0       0       0       
      +0       0
  1414 ;;Total ram usage:        0 bytes
  1415 ;; Hardware stack levels used:    1
  1416 ;; This function calls:
  1417 ;;		Nothing
  1418 ;; This function is called by:
  1419 ;;		_SYSTEM_Initialize
  1420 ;; This function uses a non-reentrant model
  1421 ;;
  1422                           
  1423                           
  1424                           ;psect for function _PIN_MANAGER_Initialize
  1425  068F                     _PIN_MANAGER_Initialize:	
  1426                           
  1427                           ;pin_manager.c: 52: LATA = 0x00;
  1428                           
  1429                           ;incstack = 0
  1430                           ; Regs used in _PIN_MANAGER_Initialize: [wreg+status,2]
  1431  068F  0022               	movlb	2	; select bank2
  1432  0690  018C               	clrf	12	;volatile
  1433                           
  1434                           ;pin_manager.c: 53: TRISA = 0x3F;
  1435  0691  303F               	movlw	63
  1436  0692  0021               	movlb	1	; select bank1
  1437  0693  008C               	movwf	12	;volatile
  1438                           
  1439                           ;pin_manager.c: 54: ANSELA = 0x17;
  1440  0694  3017               	movlw	23
  1441  0695  0023               	movlb	3	; select bank3
  1442  0696  008C               	movwf	12	;volatile
  1443                           
  1444                           ;pin_manager.c: 55: WPUA = 0x00;
  1445  0697  0024               	movlb	4	; select bank4
  1446  0698  018C               	clrf	12	;volatile
  1447                           
  1448                           ;pin_manager.c: 57: LATB = 0x00;
  1449  0699  0022               	movlb	2	; select bank2
  1450  069A  018D               	clrf	13	;volatile
  1451                           
  1452                           ;pin_manager.c: 58: TRISB = 0xF0;
  1453  069B  30F0               	movlw	240
  1454  069C  0021               	movlb	1	; select bank1
  1455  069D  008D               	movwf	13	;volatile
  1456                           
  1457                           ;pin_manager.c: 59: ANSELB = 0xF0;
  1458  069E  30F0               	movlw	240
  1459  069F  0023               	movlb	3	; select bank3
  1460  06A0  008D               	movwf	13	;volatile
  1461                           
  1462                           ;pin_manager.c: 60: WPUB = 0x00;
  1463  06A1  0024               	movlb	4	; select bank4
  1464  06A2  018D               	clrf	13	;volatile
  1465                           
  1466                           ;pin_manager.c: 62: LATC = 0x00;
  1467  06A3  0022               	movlb	2	; select bank2
  1468  06A4  018E               	clrf	14	;volatile
  1469                           
  1470                           ;pin_manager.c: 63: TRISC = 0x07;
  1471  06A5  3007               	movlw	7
  1472  06A6  0021               	movlb	1	; select bank1
  1473  06A7  008E               	movwf	14	;volatile
  1474                           
  1475                           ;pin_manager.c: 64: ANSELC = 0x07;
  1476  06A8  3007               	movlw	7
  1477  06A9  0023               	movlb	3	; select bank3
  1478  06AA  008E               	movwf	14	;volatile
  1479                           
  1480                           ;pin_manager.c: 65: WPUC = 0x00;
  1481  06AB  0024               	movlb	4	; select bank4
  1482  06AC  018E               	clrf	14	;volatile
  1483                           
  1484                           ;pin_manager.c: 67: OPTION_REGbits.nWPUEN = 0x01;
  1485  06AD  0021               	movlb	1	; select bank1
  1486  06AE  1795               	bsf	21,7	;volatile
  1487                           
  1488                           ;pin_manager.c: 69: APFCON0 = 0x00;
  1489  06AF  0022               	movlb	2	; select bank2
  1490  06B0  019D               	clrf	29	;volatile
  1491                           
  1492                           ;pin_manager.c: 71: APFCON1 = 0x00;
  1493  06B1  019E               	clrf	30	;volatile
  1494  06B2  0008               	return
  1495  06B3                     __end_of_PIN_MANAGER_Initialize:	
  1496                           
  1497                           	psect	text7
  1498  0650                     __ptext7:	
  1499 ;; *************** function _OSCILLATOR_Initialize *****************
  1500 ;; Defined at:
  1501 ;;		line 76 in file "mcc_generated_files/mcc.c"
  1502 ;; Parameters:    Size  Location     Type
  1503 ;;		None
  1504 ;; Auto vars:     Size  Location     Type
  1505 ;;		None
  1506 ;; Return value:  Size  Location     Type
  1507 ;;		None               void
  1508 ;; Registers used:
  1509 ;;		wreg, status,2
  1510 ;; Tracked objects:
  1511 ;;		On entry : 0/0
  1512 ;;		On exit  : 0/0
  1513 ;;		Unchanged: 0/0
  1514 ;; Data sizes:     COMMON   BANK0   BANK1   BANK2   BANK3   BANK4   BANK5   BANK6   BANK7   BANK8   BANK9  BANK10  BANK1
      +1  BANK12
  1515 ;;      Params:         0       0       0       0       0       0       0       0       0       0       0       0       
      +0       0
  1516 ;;      Locals:         0       0       0       0       0       0       0       0       0       0       0       0       
      +0       0
  1517 ;;      Temps:          0       0       0       0       0       0       0       0       0       0       0       0       
      +0       0
  1518 ;;      Totals:         0       0       0       0       0       0       0       0       0       0       0       0       
      +0       0
  1519 ;;Total ram usage:        0 bytes
  1520 ;; Hardware stack levels used:    1
  1521 ;; This function calls:
  1522 ;;		Nothing
  1523 ;; This function is called by:
  1524 ;;		_SYSTEM_Initialize
  1525 ;; This function uses a non-reentrant model
  1526 ;;
  1527                           
  1528                           
  1529                           ;psect for function _OSCILLATOR_Initialize
  1530  0650                     _OSCILLATOR_Initialize:	
  1531                           
  1532                           ;mcc.c: 79: OSCCON = 0x6A;
  1533                           
  1534                           ;incstack = 0
  1535                           ; Regs used in _OSCILLATOR_Initialize: [wreg+status,2]
  1536  0650  306A               	movlw	106
  1537  0651  0021               	movlb	1	; select bank1
  1538  0652  0099               	movwf	25	;volatile
  1539                           
  1540                           ;mcc.c: 81: OSCSTAT = 0x00;
  1541  0653  019A               	clrf	26	;volatile
  1542                           
  1543                           ;mcc.c: 83: OSCTUNE = 0x00;
  1544  0654  0198               	clrf	24	;volatile
  1545  0655  0008               	return
  1546  0656                     __end_of_OSCILLATOR_Initialize:	
  1547  007E                     btemp	set	126	;btemp
  1548  007E                     wtemp	set	126
  1549  007E                     wtemp0	set	126
  1550  0080                     wtemp1	set	128
  1551  0082                     wtemp2	set	130
  1552  0084                     wtemp3	set	132
  1553  0086                     wtemp4	set	134
  1554  0088                     wtemp5	set	136
  1555  007F                     wtemp6	set	127
  1556  007E                     ttemp	set	126
  1557  007E                     ttemp0	set	126
  1558  0081                     ttemp1	set	129
  1559  0084                     ttemp2	set	132
  1560  0087                     ttemp3	set	135
  1561  007F                     ttemp4	set	127
  1562  007E                     ltemp	set	126
  1563  007E                     ltemp0	set	126
  1564  0082                     ltemp1	set	130
  1565  0086                     ltemp2	set	134
  1566  0080                     ltemp3	set	128


Data Sizes:
    Strings     0
    Constant    0
    Data        10
    BSS         4
    Persistent  2
    Stack       0

Auto Spaces:
    Space          Size  Autos    Used
    COMMON           14     14      14
    BANK0            80      0      16
    BANK1            80      0       0
    BANK2            80      0       0
    BANK3            80      0       0
    BANK4            80      0       0
    BANK5            80      0       0
    BANK6            80      0       0
    BANK7            80      0       0
    BANK8            80      0       0
    BANK9            80      0       0
    BANK10           80      0       0
    BANK11           80      0       0
    BANK12           48      0       0

Pointer List with Targets:

    None.

Critical Paths under _main in COMMON

    _main->_displayNumber
    _displayNumber->___lwdiv

Critical Paths under _main in BANK0

    None.

Critical Paths under _main in BANK1

    None.

Critical Paths under _main in BANK2

    None.

Critical Paths under _main in BANK3

    None.

Critical Paths under _main in BANK4

    None.

Critical Paths under _main in BANK5

    None.

Critical Paths under _main in BANK6

    None.

Critical Paths under _main in BANK7

    None.

Critical Paths under _main in BANK8

    None.

Critical Paths under _main in BANK9

    None.

Critical Paths under _main in BANK10

    None.

Critical Paths under _main in BANK11

    None.

Critical Paths under _main in BANK12

    None.

Call Graph Tables:

 ---------------------------------------------------------------------------------
 (Depth) Function   	        Calls       Base Space   Used Autos Params    Refs
 ---------------------------------------------------------------------------------
 (0) _main                                                 2     2      0    1234
                                             12 COMMON     2     2      0
                  _SYSTEM_Initialize
                      _displayNumber
 ---------------------------------------------------------------------------------
 (1) _displayNumber                                        4     2      2    1234
                                              8 COMMON     4     2      2
                            ___lwdiv
                            ___lwmod
                         _writeDigit
 ---------------------------------------------------------------------------------
 (2) _writeDigit                                           3     3      0      90
                                              0 COMMON     3     3      0
 ---------------------------------------------------------------------------------
 (2) ___lwmod                                              6     2      4     477
                                              0 COMMON     6     2      4
 ---------------------------------------------------------------------------------
 (2) ___lwdiv                                              8     4      4     480
                                              0 COMMON     8     4      4
 ---------------------------------------------------------------------------------
 (1) _SYSTEM_Initialize                                    0     0      0       0
              _OSCILLATOR_Initialize
             _PIN_MANAGER_Initialize
 ---------------------------------------------------------------------------------
 (2) _PIN_MANAGER_Initialize                               0     0      0       0
 ---------------------------------------------------------------------------------
 (2) _OSCILLATOR_Initialize                                0     0      0       0
 ---------------------------------------------------------------------------------
 Estimated maximum stack depth 2
 ---------------------------------------------------------------------------------

 Call Graph Graphs:

 _main (ROOT)
   _SYSTEM_Initialize
     _OSCILLATOR_Initialize
     _PIN_MANAGER_Initialize
   _displayNumber
     ___lwdiv
     ___lwmod
     _writeDigit

 Address spaces:
Name               Size   Autos  Total    Cost      Usage
BIGRAM             3F0      0       0       0        0.0%
EEDATA             100      0       0       0        0.0%
NULL                 0      0       0       0        0.0%
CODE                 0      0       0       0        0.0%
BITCOMMON            E      0       0       1        0.0%
BITSFR0              0      0       0       1        0.0%
SFR0                 0      0       0       1        0.0%
COMMON               E      E       E       2      100.0%
BITSFR1              0      0       0       2        0.0%
SFR1                 0      0       0       2        0.0%
BITSFR2              0      0       0       3        0.0%
SFR2                 0      0       0       3        0.0%
STACK                0      0       0       3        0.0%
BITBANK0            50      0       0       4        0.0%
BITSFR3              0      0       0       4        0.0%
SFR3                 0      0       0       4        0.0%
BANK0               50      0      10       5       20.0%
BITSFR4              0      0       0       5        0.0%
SFR4                 0      0       0       5        0.0%
BITBANK1            50      0       0       6        0.0%
BITSFR5              0      0       0       6        0.0%
SFR5                 0      0       0       6        0.0%
BANK1               50      0       0       7        0.0%
BITSFR6              0      0       0       7        0.0%
SFR6                 0      0       0       7        0.0%
BITBANK2            50      0       0       8        0.0%
BITSFR7              0      0       0       8        0.0%
SFR7                 0      0       0       8        0.0%
BANK2               50      0       0       9        0.0%
BITSFR8              0      0       0       9        0.0%
SFR8                 0      0       0       9        0.0%
BITBANK3            50      0       0      10        0.0%
BITSFR9              0      0       0      10        0.0%
SFR9                 0      0       0      10        0.0%
BANK3               50      0       0      11        0.0%
BITSFR10             0      0       0      11        0.0%
SFR10                0      0       0      11        0.0%
BITBANK4            50      0       0      12        0.0%
BITSFR11             0      0       0      12        0.0%
SFR11                0      0       0      12        0.0%
BANK4               50      0       0      13        0.0%
BITSFR12             0      0       0      13        0.0%
SFR12                0      0       0      13        0.0%
BITBANK5            50      0       0      14        0.0%
BITSFR13             0      0       0      14        0.0%
SFR13                0      0       0      14        0.0%
BANK5               50      0       0      15        0.0%
BITSFR14             0      0       0      15        0.0%
SFR14                0      0       0      15        0.0%
BITBANK6            50      0       0      16        0.0%
BITSFR15             0      0       0      16        0.0%
SFR15                0      0       0      16        0.0%
BANK6               50      0       0      17        0.0%
BITSFR16             0      0       0      17        0.0%
SFR16                0      0       0      17        0.0%
BITBANK7            50      0       0      18        0.0%
BITSFR17             0      0       0      18        0.0%
SFR17                0      0       0      18        0.0%
BANK7               50      0       0      19        0.0%
BITSFR18             0      0       0      19        0.0%
SFR18                0      0       0      19        0.0%
BITSFR19             0      0       0      20        0.0%
SFR19                0      0       0      20        0.0%
ABS                  0      0      1E      20        0.0%
BITBANK8            50      0       0      21        0.0%
BITSFR20             0      0       0      21        0.0%
SFR20                0      0       0      21        0.0%
BANK8               50      0       0      22        0.0%
BITSFR21             0      0       0      22        0.0%
SFR21                0      0       0      22        0.0%
BITBANK9            50      0       0      23        0.0%
BITSFR22             0      0       0      23        0.0%
SFR22                0      0       0      23        0.0%
BANK9               50      0       0      24        0.0%
BITSFR23             0      0       0      24        0.0%
SFR23                0      0       0      24        0.0%
BITBANK10           50      0       0      25        0.0%
BITSFR24             0      0       0      25        0.0%
SFR24                0      0       0      25        0.0%
BANK10              50      0       0      26        0.0%
BITSFR25             0      0       0      26        0.0%
SFR25                0      0       0      26        0.0%
BITBANK11           50      0       0      27        0.0%
BITSFR26             0      0       0      27        0.0%
SFR26                0      0       0      27        0.0%
BANK11              50      0       0      28        0.0%
BITSFR27             0      0       0      28        0.0%
SFR27                0      0       0      28        0.0%
BITBANK12           30      0       0      29        0.0%
BITSFR28             0      0       0      29        0.0%
SFR28                0      0       0      29        0.0%
BANK12              30      0       0      30        0.0%
BITSFR29             0      0       0      30        0.0%
SFR29                0      0       0      30        0.0%
BITSFR30             0      0       0      31        0.0%
SFR30                0      0       0      31        0.0%
DATA                 0      0      1E      31        0.0%
BITSFR31             0      0       0      32        0.0%
SFR31                0      0       0      32        0.0%


Microchip Technology PIC Macro Assembler V1.34 build -361300703 
Symbol Table                                                                                   Sat Apr 27 14:00:57 2024

                    __CFG_CP$OFF 0000                               l77 06D8                               _d1 002A  
                             _d2 002B                               _d3 002C                               _d4 002D  
                            l721 06BE                              l723 06CC                              l751 072D  
                            l743 070F                              l745 071B                              l755 0736  
                            l819 066F                              l773 06F9                              l767 06E1  
                            l769 06ED                              l777 0702                              u230 06CA  
                            u224 06C3                              u305 0726                              u225 06C2  
                            u315 072E                              u345 06E4                              u417 0684  
                   __CFG_CPD$OFF 0000                              u275 0712                              u427 07A9  
                            u365 06F3                              u437 07BE                              u295 071C  
                            u375 06FA                              u447 07D3                              u457 07E8  
                   __CFG_BORV$LO 0000                              wreg 0009                     __CFG_IESO$ON 0000  
                 ?_displayNumber 0078                     __CFG_LVP$OFF 0000                             _LATA 010C  
                           _LATB 010D                             _LATC 010E                             _WPUA 020C  
                           _WPUB 020D                             _WPUC 020E                     __CFG_WRT$OFF 0000  
                  __CFG_FCMEN$ON 0000                             _main 066C                             fsr0h 0005  
                           fsr1h 0007                             fsr0l 0004                             indf1 0001  
                           fsr1l 0006                             btemp 007E                    __CFG_BOREN$ON 0000  
                           ltemp 007E                             start 0002                             ttemp 007E  
                           wtemp 007E                    __CFG_MCLRE$ON 0000   __size_of_OSCILLATOR_Initialize 0006  
  __end_of_OSCILLATOR_Initialize 0656                            ?_main 0070                    __CFG_WDTE$OFF 0000  
                          _LATC5 0875                            _LATC6 0876                            _LATC7 0877  
                __end_of___lwdiv 073B                  __end_of___lwmod 0707                            _TRISA 008C  
                          _TRISB 008D                            _TRISC 008E                            _Digit 0020  
                          ltemp0 007E                            ltemp1 0082                            ltemp2 0086  
                          ltemp3 0080                            ttemp0 007E                            ttemp1 0081  
                          ttemp2 0084                            ttemp3 0087                            ttemp4 007F  
                          status 0003                            wtemp0 007E                            wtemp1 0080  
                          wtemp2 0082                            wtemp3 0084                            wtemp4 0086  
                          wtemp5 0088                            wtemp6 007F                  __initialization 07EE  
                   __end_of_main 068F                           ??_main 007C                   __CFG_PLLEN$OFF 0000  
                ??_displayNumber 007A                           _ANSELA 018C                           _ANSELB 018D  
                         _ANSELC 018E                           _OSCCON 0099                   __CFG_PWRTE$OFF 0000  
                 __CFG_STVREN$ON 0000                        ??___lwdiv 0074                        ??___lwmod 0074  
                         _number 002E                _SYSTEM_Initialize 0656          __end_of__initialization 07FD  
             ?_SYSTEM_Initialize 0070                   __pcstackCOMMON 0070                     __pidataBANK0 0662  
            ??_SYSTEM_Initialize 0070             displayNumber@number1 0078                   _OPTION_REGbits 0095  
      __end_of_SYSTEM_Initialize 065C                       __pbssBANK0 002A                       __pmaintext 066C  
                        _APFCON0 011D                          _APFCON1 011E                          _OSCSTAT 009A  
                        _OSCTUNE 0098                          ___lwdiv 0707                          ___lwmod 06DB  
                        __ptext1 073B                          __ptext2 06B3                          __ptext3 06DB  
                        __ptext4 0707                          __ptext5 0656                          __ptext6 068F  
                        __ptext7 0650            _OSCILLATOR_Initialize 0650         ??_PIN_MANAGER_Initialize 0070  
     __size_of_SYSTEM_Initialize 0006             end_of_initialization 07FD                          init_ram 065C  
                        initloop 065D                 __CFG_FOSC$INTOSC 0000            __end_of_displayNumber 07EE  
                     _writeDigit 06B3           ?_OSCILLATOR_Initialize 0070              start_initialization 07EE  
__size_of_PIN_MANAGER_Initialize 0024                      __pdataBANK0 0020                        ___latbits 0002  
                      __pnvBANK0 002E                 ___lwdiv@dividend 0072           _PIN_MANAGER_Initialize 068F  
                    ?_writeDigit 0070                         ?___lwdiv 0070                         ?___lwmod 0070  
               ___lwdiv@quotient 0075                         _LATCbits 010E                      writeDigit@i 0072  
                writeDigit@digit 0071              __size_of_writeDigit 0028          ??_OSCILLATOR_Initialize 0070  
               __size_of___lwdiv 0034                 __size_of___lwmod 002C                  ___lwdiv@divisor 0070  
                ___lwdiv@counter 0077                    __size_of_main 0023           __size_of_displayNumber 00B3  
               ___lwmod@dividend 0072          ?_PIN_MANAGER_Initialize 0070                __CFG_CLKOUTEN$OFF 0000  
                   ??_writeDigit 0070                  ___lwmod@divisor 0070                  ___lwmod@counter 0075  
                  _displayNumber 073B   __end_of_PIN_MANAGER_Initialize 06B3               __end_of_writeDigit 06DB  
